[ 2017-11-26T00:06:30+08:00 ] 127.0.0.1 /Angsir/index.php/Home/Center/my.html
INFO: [ app_init ] --START--
INFO: Run Behavior\BuildLiteBehavior [ RunTime:0.000009s ]
INFO: [ app_init ] --END-- [ RunTime:0.000286s ]
INFO: [ app_begin ] --START--
INFO: Run Behavior\ReadHtmlCacheBehavior [ RunTime:0.000403s ]
INFO: [ app_begin ] --END-- [ RunTime:0.000439s ]
SQL: SHOW COLUMNS FROM `an_live` [ RunTime:0.0008s ]
SQL: SELECT * FROM `an_live` WHERE `user_id` = '1173197065@qq.com'  [ RunTime:0.0005s ]
INFO: [ view_parse ] --START--
INFO: [ template_filter ] --START--
INFO: Run Behavior\ContentReplaceBehavior [ RunTime:0.000249s ]
INFO: [ template_filter ] --END-- [ RunTime:0.000292s ]
INFO: Run Behavior\ParseTemplateBehavior [ RunTime:0.010037s ]
INFO: [ view_parse ] --END-- [ RunTime:0.010098s ]
INFO: [ view_filter ] --START--
INFO: Run Behavior\WriteHtmlCacheBehavior [ RunTime:0.000728s ]
INFO: [ view_filter ] --END-- [ RunTime:0.000868s ]
INFO: [ app_end ] --START--
INFO: Run Behavior\ShowPageTraceBehavior [ RunTime:0.001275s ]
INFO: [ app_end ] --END-- [ RunTime:0.001525s ]

[ 2017-11-26T00:06:30+08:00 ] 127.0.0.1 /Angsir/index.php/Home/Center/common/widgets/common/msgPopup.js
INFO: [ app_init ] --START--
INFO: Run Behavior\BuildLiteBehavior [ RunTime:0.000013s ]
INFO: [ app_init ] --END-- [ RunTime:0.000339s ]
INFO: [ app_begin ] --START--
INFO: Run Behavior\ReadHtmlCacheBehavior [ RunTime:0.000435s ]
INFO: [ app_begin ] --END-- [ RunTime:0.000486s ]
ERR: 非法操作:common

[ 2017-11-26T00:06:31+08:00 ] 127.0.0.1 /Angsir/index.php/Home/Article/del/live_id/32f569108960e7854b19a0114fd5c6eb.html
INFO: [ app_init ] --START--
INFO: Run Behavior\BuildLiteBehavior [ RunTime:0.000020s ]
INFO: [ app_init ] --END-- [ RunTime:0.000426s ]
INFO: [ app_begin ] --START--
INFO: Run Behavior\ReadHtmlCacheBehavior [ RunTime:0.000416s ]
INFO: [ app_begin ] --END-- [ RunTime:0.000460s ]
INFO: [ app_end ] --START--
INFO: Run Behavior\ShowPageTraceBehavior [ RunTime:0.000689s ]
INFO: [ app_end ] --END-- [ RunTime:0.000761s ]

[ 2017-11-26T00:06:32+08:00 ] 127.0.0.1 /Angsir/index.php/Home/Center/common/widgets/common/msgPopup.js
INFO: [ app_init ] --START--
INFO: Run Behavior\BuildLiteBehavior [ RunTime:0.000018s ]
INFO: [ app_init ] --END-- [ RunTime:0.000463s ]
INFO: [ app_begin ] --START--
INFO: Run Behavior\ReadHtmlCacheBehavior [ RunTime:0.000671s ]
INFO: [ app_begin ] --END-- [ RunTime:0.000735s ]
ERR: 非法操作:common

[ 2017-11-26T00:06:32+08:00 ] 127.0.0.1 /Angsir/index.php/Home/Center/my.html
INFO: [ app_init ] --START--
INFO: Run Behavior\BuildLiteBehavior [ RunTime:0.000030s ]
INFO: [ app_init ] --END-- [ RunTime:0.000692s ]
INFO: [ app_begin ] --START--
INFO: Run Behavior\ReadHtmlCacheBehavior [ RunTime:0.000864s ]
INFO: [ app_begin ] --END-- [ RunTime:0.000974s ]
SQL: SHOW COLUMNS FROM `an_live` [ RunTime:0.0007s ]
SQL: SELECT * FROM `an_live` WHERE `user_id` = '1173197065@qq.com'  [ RunTime:0.0006s ]
INFO: [ view_parse ] --START--
INFO: [ template_filter ] --START--
INFO: Run Behavior\ContentReplaceBehavior [ RunTime:0.000421s ]
INFO: [ template_filter ] --END-- [ RunTime:0.000531s ]
INFO: Run Behavior\ParseTemplateBehavior [ RunTime:0.014239s ]
INFO: [ view_parse ] --END-- [ RunTime:0.014321s ]
INFO: [ view_filter ] --START--
INFO: Run Behavior\WriteHtmlCacheBehavior [ RunTime:0.000561s ]
INFO: [ view_filter ] --END-- [ RunTime:0.000620s ]
INFO: [ app_end ] --START--
INFO: Run Behavior\ShowPageTraceBehavior [ RunTime:0.000820s ]
INFO: [ app_end ] --END-- [ RunTime:0.000905s ]

[ 2017-11-26T00:06:32+08:00 ] 127.0.0.1 /Angsir/index.php/Home/Center/common/widgets/common/msgPopup.js
INFO: [ app_init ] --START--
INFO: Run Behavior\BuildLiteBehavior [ RunTime:0.000013s ]
INFO: [ app_init ] --END-- [ RunTime:0.000313s ]
INFO: [ app_begin ] --START--
INFO: Run Behavior\ReadHtmlCacheBehavior [ RunTime:0.000645s ]
INFO: [ app_begin ] --END-- [ RunTime:0.000720s ]
ERR: 非法操作:common

[ 2017-11-26T00:06:33+08:00 ] 127.0.0.1 /Angsir/index.php/Home/Center/my.html
INFO: [ app_init ] --START--
INFO: Run Behavior\BuildLiteBehavior [ RunTime:0.000016s ]
INFO: [ app_init ] --END-- [ RunTime:0.000484s ]
INFO: [ app_begin ] --START--
INFO: Run Behavior\ReadHtmlCacheBehavior [ RunTime:0.000969s ]
INFO: [ app_begin ] --END-- [ RunTime:0.001054s ]
SQL: SHOW COLUMNS FROM `an_live` [ RunTime:0.0010s ]
SQL: SELECT * FROM `an_live` WHERE `user_id` = '1173197065@qq.com'  [ RunTime:0.0005s ]
INFO: [ view_parse ] --START--
INFO: [ template_filter ] --START--
INFO: Run Behavior\ContentReplaceBehavior [ RunTime:0.000314s ]
INFO: [ template_filter ] --END-- [ RunTime:0.000391s ]
INFO: Run Behavior\ParseTemplateBehavior [ RunTime:0.016638s ]
INFO: [ view_parse ] --END-- [ RunTime:0.016778s ]
INFO: [ view_filter ] --START--
INFO: Run Behavior\WriteHtmlCacheBehavior [ RunTime:0.000547s ]
INFO: [ view_filter ] --END-- [ RunTime:0.000586s ]
INFO: [ app_end ] --START--
INFO: Run Behavior\ShowPageTraceBehavior [ RunTime:0.001077s ]
INFO: [ app_end ] --END-- [ RunTime:0.001152s ]

[ 2017-11-26T00:06:33+08:00 ] 127.0.0.1 /Angsir/index.php/Home/Center/common/widgets/common/msgPopup.js
INFO: [ app_init ] --START--
INFO: Run Behavior\BuildLiteBehavior [ RunTime:0.000020s ]
INFO: [ app_init ] --END-- [ RunTime:0.000488s ]
INFO: [ app_begin ] --START--
INFO: Run Behavior\ReadHtmlCacheBehavior [ RunTime:0.000705s ]
INFO: [ app_begin ] --END-- [ RunTime:0.000780s ]
ERR: 非法操作:common

[ 2017-11-26T00:06:33+08:00 ] 127.0.0.1 /Angsir/index.php/Home/Center/my.html
INFO: [ app_init ] --START--
INFO: Run Behavior\BuildLiteBehavior [ RunTime:0.000010s ]
INFO: [ app_init ] --END-- [ RunTime:0.000286s ]
INFO: [ app_begin ] --START--
INFO: Run Behavior\ReadHtmlCacheBehavior [ RunTime:0.000695s ]
INFO: [ app_begin ] --END-- [ RunTime:0.000767s ]
SQL: SHOW COLUMNS FROM `an_live` [ RunTime:0.0011s ]
SQL: SELECT * FROM `an_live` WHERE `user_id` = '1173197065@qq.com'  [ RunTime:0.0006s ]
INFO: [ view_parse ] --START--
INFO: [ template_filter ] --START--
INFO: Run Behavior\ContentReplaceBehavior [ RunTime:0.000544s ]
INFO: [ template_filter ] --END-- [ RunTime:0.000696s ]
INFO: Run Behavior\ParseTemplateBehavior [ RunTime:0.016996s ]
INFO: [ view_parse ] --END-- [ RunTime:0.017068s ]
INFO: [ view_filter ] --START--
INFO: Run Behavior\WriteHtmlCacheBehavior [ RunTime:0.000533s ]
INFO: [ view_filter ] --END-- [ RunTime:0.000588s ]
INFO: [ app_end ] --START--
INFO: Run Behavior\ShowPageTraceBehavior [ RunTime:0.001040s ]
INFO: [ app_end ] --END-- [ RunTime:0.001116s ]

[ 2017-11-26T00:06:33+08:00 ] 127.0.0.1 /Angsir/index.php/Home/Center/common/widgets/common/msgPopup.js
INFO: [ app_init ] --START--
INFO: Run Behavior\BuildLiteBehavior [ RunTime:0.000020s ]
INFO: [ app_init ] --END-- [ RunTime:0.000513s ]
INFO: [ app_begin ] --START--
INFO: Run Behavior\ReadHtmlCacheBehavior [ RunTime:0.000678s ]
INFO: [ app_begin ] --END-- [ RunTime:0.000753s ]
ERR: 非法操作:common

[ 2017-11-26T00:06:34+08:00 ] 127.0.0.1 /Angsir/index.php/Home/Center/my.html
INFO: [ app_init ] --START--
INFO: Run Behavior\BuildLiteBehavior [ RunTime:0.000020s ]
INFO: [ app_init ] --END-- [ RunTime:0.000449s ]
INFO: [ app_begin ] --START--
INFO: Run Behavior\ReadHtmlCacheBehavior [ RunTime:0.000448s ]
INFO: [ app_begin ] --END-- [ RunTime:0.000492s ]
SQL: SHOW COLUMNS FROM `an_live` [ RunTime:0.0009s ]
SQL: SELECT * FROM `an_live` WHERE `user_id` = '1173197065@qq.com'  [ RunTime:0.0005s ]
INFO: [ view_parse ] --START--
INFO: [ template_filter ] --START--
INFO: Run Behavior\ContentReplaceBehavior [ RunTime:0.000400s ]
INFO: [ template_filter ] --END-- [ RunTime:0.000500s ]
INFO: Run Behavior\ParseTemplateBehavior [ RunTime:0.014806s ]
INFO: [ view_parse ] --END-- [ RunTime:0.014880s ]
INFO: [ view_filter ] --START--
INFO: Run Behavior\WriteHtmlCacheBehavior [ RunTime:0.000425s ]
INFO: [ view_filter ] --END-- [ RunTime:0.000473s ]
INFO: [ app_end ] --START--
INFO: Run Behavior\ShowPageTraceBehavior [ RunTime:0.000657s ]
INFO: [ app_end ] --END-- [ RunTime:0.000756s ]

[ 2017-11-26T00:06:34+08:00 ] 127.0.0.1 /Angsir/index.php/Home/Center/common/widgets/common/msgPopup.js
INFO: [ app_init ] --START--
INFO: Run Behavior\BuildLiteBehavior [ RunTime:0.000017s ]
INFO: [ app_init ] --END-- [ RunTime:0.000435s ]
INFO: [ app_begin ] --START--
INFO: Run Behavior\ReadHtmlCacheBehavior [ RunTime:0.000625s ]
INFO: [ app_begin ] --END-- [ RunTime:0.000686s ]
ERR: 非法操作:common

[ 2017-11-26T00:07:29+08:00 ] 127.0.0.1 /Angsir/index.php/Home/Center/my.html
INFO: [ app_init ] --START--
INFO: Run Behavior\BuildLiteBehavior [ RunTime:0.000016s ]
INFO: [ app_init ] --END-- [ RunTime:0.000387s ]
INFO: [ app_begin ] --START--
INFO: Run Behavior\ReadHtmlCacheBehavior [ RunTime:0.000788s ]
INFO: [ app_begin ] --END-- [ RunTime:0.000870s ]
SQL: SHOW COLUMNS FROM `an_live` [ RunTime:0.0011s ]
SQL: SELECT * FROM `an_live` WHERE `user_id` = '1173197065@qq.com'  [ RunTime:0.0005s ]
INFO: [ view_parse ] --START--
INFO: [ template_filter ] --START--
INFO: Run Behavior\ContentReplaceBehavior [ RunTime:0.000282s ]
INFO: [ template_filter ] --END-- [ RunTime:0.000345s ]
INFO: Run Behavior\ParseTemplateBehavior [ RunTime:0.010806s ]
INFO: [ view_parse ] --END-- [ RunTime:0.010894s ]
INFO: [ view_filter ] --START--
INFO: Run Behavior\WriteHtmlCacheBehavior [ RunTime:0.000503s ]
INFO: [ view_filter ] --END-- [ RunTime:0.000549s ]
INFO: [ app_end ] --START--
INFO: Run Behavior\ShowPageTraceBehavior [ RunTime:0.000942s ]
INFO: [ app_end ] --END-- [ RunTime:0.001026s ]

[ 2017-11-26T00:07:29+08:00 ] 127.0.0.1 /Angsir/index.php/Home/Center/common/widgets/common/msgPopup.js
INFO: [ app_init ] --START--
INFO: Run Behavior\BuildLiteBehavior [ RunTime:0.000016s ]
INFO: [ app_init ] --END-- [ RunTime:0.000411s ]
INFO: [ app_begin ] --START--
INFO: Run Behavior\ReadHtmlCacheBehavior [ RunTime:0.000467s ]
INFO: [ app_begin ] --END-- [ RunTime:0.000504s ]
ERR: 非法操作:common

[ 2017-11-26T00:07:29+08:00 ] 127.0.0.1 /Angsir/index.php/Home/Article/article/live_id/32f569108960e7854b19a0114fd5c6eb.html
INFO: [ app_init ] --START--
INFO: Run Behavior\BuildLiteBehavior [ RunTime:0.000016s ]
INFO: [ app_init ] --END-- [ RunTime:0.000399s ]
INFO: [ app_begin ] --START--
INFO: Run Behavior\ReadHtmlCacheBehavior [ RunTime:0.000618s ]
INFO: [ app_begin ] --END-- [ RunTime:0.000674s ]
SQL: SHOW COLUMNS FROM `an_live` [ RunTime:0.0009s ]
SQL: SELECT * FROM `an_live` WHERE `live_id` = '32f569108960e7854b19a0114fd5c6eb' LIMIT 1   [ RunTime:0.0005s ]
SQL: SHOW COLUMNS FROM `an_live_read` [ RunTime:0.0084s ]
SQL: SELECT COUNT(*) AS tp_count FROM `an_live_read` WHERE `live_id` = '32f569108960e7854b19a0114fd5c6eb' AND `user_id` = '1173197065@qq.com' LIMIT 1   [ RunTime:0.0003s ]
SQL: SELECT COUNT(*) AS tp_count FROM `an_live_read` WHERE `live_id` = '32f569108960e7854b19a0114fd5c6eb' LIMIT 1   [ RunTime:0.0002s ]
SQL: UPDATE `an_live` SET `read_count`='4' WHERE `live_id` = '32f569108960e7854b19a0114fd5c6eb' [ RunTime:0.0003s ]
SQL: SHOW COLUMNS FROM `an_user` [ RunTime:0.0010s ]
SQL: SELECT * FROM `an_user` WHERE `user_id` = '1173197065@qq.com' LIMIT 1   [ RunTime:0.0004s ]
SQL: SHOW COLUMNS FROM `an_live_good` [ RunTime:0.0007s ]
SQL: SELECT COUNT(*) AS tp_count FROM `an_live_good` WHERE `live_id` = '32f569108960e7854b19a0114fd5c6eb' LIMIT 1   [ RunTime:0.0003s ]
SQL: UPDATE `an_live` SET `read_count`='4',`good_count`='1' WHERE `live_id` = '32f569108960e7854b19a0114fd5c6eb' [ RunTime:0.0003s ]
SQL: SHOW COLUMNS FROM `an_comment` [ RunTime:0.0045s ]
SQL: SELECT t1.*,t2.*,t1.add_time as live_add_time FROM an_comment AS t1,an_user AS t2 WHERE ( t1.user_id = t2.user_id AND live_id="32f569108960e7854b19a0114fd5c6eb" ) ORDER BY t1.add_time desc  [ RunTime:0.0007s ]
SQL: SHOW COLUMNS FROM `an_comment` [ RunTime:0.0005s ]
SQL: SELECT COUNT(*) AS tp_count FROM `an_comment` WHERE `live_id` = '32f569108960e7854b19a0114fd5c6eb' LIMIT 1   [ RunTime:0.0002s ]
INFO: [ view_parse ] --START--
INFO: [ template_filter ] --START--
INFO: Run Behavior\ContentReplaceBehavior [ RunTime:0.000401s ]
INFO: [ template_filter ] --END-- [ RunTime:0.000454s ]
INFO: Run Behavior\ParseTemplateBehavior [ RunTime:0.027532s ]
INFO: [ view_parse ] --END-- [ RunTime:0.027596s ]
INFO: [ view_filter ] --START--
INFO: Run Behavior\WriteHtmlCacheBehavior [ RunTime:0.000493s ]
INFO: [ view_filter ] --END-- [ RunTime:0.000541s ]
INFO: [ app_end ] --START--
INFO: Run Behavior\ShowPageTraceBehavior [ RunTime:0.000754s ]
INFO: [ app_end ] --END-- [ RunTime:0.000813s ]

[ 2017-11-26T00:07:31+08:00 ] 127.0.0.1 /Angsir/index.php/Home/Article/article/live_id/32f569108960e7854b19a0114fd5c6eb.html
INFO: [ app_init ] --START--
INFO: Run Behavior\BuildLiteBehavior [ RunTime:0.000010s ]
INFO: [ app_init ] --END-- [ RunTime:0.000273s ]
INFO: [ app_begin ] --START--
INFO: Run Behavior\ReadHtmlCacheBehavior [ RunTime:0.000458s ]
INFO: [ app_begin ] --END-- [ RunTime:0.000510s ]
SQL: SHOW COLUMNS FROM `an_live` [ RunTime:0.0007s ]
SQL: SELECT * FROM `an_live` WHERE `live_id` = '32f569108960e7854b19a0114fd5c6eb' LIMIT 1   [ RunTime:0.0004s ]
SQL: SHOW COLUMNS FROM `an_live_read` [ RunTime:0.0005s ]
SQL: SELECT COUNT(*) AS tp_count FROM `an_live_read` WHERE `live_id` = '32f569108960e7854b19a0114fd5c6eb' AND `user_id` = '1173197065@qq.com' LIMIT 1   [ RunTime:0.0003s ]
SQL: SELECT COUNT(*) AS tp_count FROM `an_live_read` WHERE `live_id` = '32f569108960e7854b19a0114fd5c6eb' LIMIT 1   [ RunTime:0.0002s ]
SQL: UPDATE `an_live` SET `read_count`='4' WHERE `live_id` = '32f569108960e7854b19a0114fd5c6eb' [ RunTime:0.0002s ]
SQL: SHOW COLUMNS FROM `an_user` [ RunTime:0.0006s ]
SQL: SELECT * FROM `an_user` WHERE `user_id` = '1173197065@qq.com' LIMIT 1   [ RunTime:0.0002s ]
SQL: SHOW COLUMNS FROM `an_live_good` [ RunTime:0.0004s ]
SQL: SELECT COUNT(*) AS tp_count FROM `an_live_good` WHERE `live_id` = '32f569108960e7854b19a0114fd5c6eb' LIMIT 1   [ RunTime:0.0002s ]
SQL: UPDATE `an_live` SET `read_count`='4',`good_count`='1' WHERE `live_id` = '32f569108960e7854b19a0114fd5c6eb' [ RunTime:0.0002s ]
SQL: SHOW COLUMNS FROM `an_comment` [ RunTime:0.0005s ]
SQL: SELECT t1.*,t2.*,t1.add_time as live_add_time FROM an_comment AS t1,an_user AS t2 WHERE ( t1.user_id = t2.user_id AND live_id="32f569108960e7854b19a0114fd5c6eb" ) ORDER BY t1.add_time desc  [ RunTime:0.0004s ]
SQL: SHOW COLUMNS FROM `an_comment` [ RunTime:0.0005s ]
SQL: SELECT COUNT(*) AS tp_count FROM `an_comment` WHERE `live_id` = '32f569108960e7854b19a0114fd5c6eb' LIMIT 1   [ RunTime:0.0003s ]
INFO: [ view_parse ] --START--
INFO: [ template_filter ] --START--
INFO: Run Behavior\ContentReplaceBehavior [ RunTime:0.000386s ]
INFO: [ template_filter ] --END-- [ RunTime:0.000431s ]
INFO: Run Behavior\ParseTemplateBehavior [ RunTime:0.014732s ]
INFO: [ view_parse ] --END-- [ RunTime:0.014774s ]
INFO: [ view_filter ] --START--
INFO: Run Behavior\WriteHtmlCacheBehavior [ RunTime:0.000317s ]
INFO: [ view_filter ] --END-- [ RunTime:0.000350s ]
INFO: [ app_end ] --START--
INFO: Run Behavior\ShowPageTraceBehavior [ RunTime:0.000734s ]
INFO: [ app_end ] --END-- [ RunTime:0.000807s ]

[ 2017-11-26T00:07:32+08:00 ] 127.0.0.1 /Angsir/index.php/Home/Center/common/widgets/common/msgPopup.js
INFO: [ app_init ] --START--
INFO: Run Behavior\BuildLiteBehavior [ RunTime:0.000019s ]
INFO: [ app_init ] --END-- [ RunTime:0.000498s ]
INFO: [ app_begin ] --START--
INFO: Run Behavior\ReadHtmlCacheBehavior [ RunTime:0.000722s ]
INFO: [ app_begin ] --END-- [ RunTime:0.000802s ]
ERR: 非法操作:common

[ 2017-11-26T00:07:33+08:00 ] 127.0.0.1 /Angsir/index.php/Home/Article/article/live_id/32f569108960e7854b19a0114fd5c6eb.html
INFO: [ app_init ] --START--
INFO: Run Behavior\BuildLiteBehavior [ RunTime:0.000010s ]
INFO: [ app_init ] --END-- [ RunTime:0.000346s ]
INFO: [ app_begin ] --START--
INFO: Run Behavior\ReadHtmlCacheBehavior [ RunTime:0.000506s ]
INFO: [ app_begin ] --END-- [ RunTime:0.000540s ]
SQL: SHOW COLUMNS FROM `an_live` [ RunTime:0.0007s ]
SQL: SELECT * FROM `an_live` WHERE `live_id` = '32f569108960e7854b19a0114fd5c6eb' LIMIT 1   [ RunTime:0.0004s ]
SQL: SHOW COLUMNS FROM `an_live_read` [ RunTime:0.0005s ]
SQL: SELECT COUNT(*) AS tp_count FROM `an_live_read` WHERE `live_id` = '32f569108960e7854b19a0114fd5c6eb' AND `user_id` = '1173197065@qq.com' LIMIT 1   [ RunTime:0.0003s ]
SQL: SELECT COUNT(*) AS tp_count FROM `an_live_read` WHERE `live_id` = '32f569108960e7854b19a0114fd5c6eb' LIMIT 1   [ RunTime:0.0002s ]
SQL: UPDATE `an_live` SET `read_count`='4' WHERE `live_id` = '32f569108960e7854b19a0114fd5c6eb' [ RunTime:0.0002s ]
SQL: SHOW COLUMNS FROM `an_user` [ RunTime:0.0005s ]
SQL: SELECT * FROM `an_user` WHERE `user_id` = '1173197065@qq.com' LIMIT 1   [ RunTime:0.0003s ]
SQL: SHOW COLUMNS FROM `an_live_good` [ RunTime:0.0004s ]
SQL: SELECT COUNT(*) AS tp_count FROM `an_live_good` WHERE `live_id` = '32f569108960e7854b19a0114fd5c6eb' LIMIT 1   [ RunTime:0.0002s ]
SQL: UPDATE `an_live` SET `read_count`='4',`good_count`='1' WHERE `live_id` = '32f569108960e7854b19a0114fd5c6eb' [ RunTime:0.0002s ]
SQL: SHOW COLUMNS FROM `an_comment` [ RunTime:0.0005s ]
SQL: SELECT t1.*,t2.*,t1.add_time as live_add_time FROM an_comment AS t1,an_user AS t2 WHERE ( t1.user_id = t2.user_id AND live_id="32f569108960e7854b19a0114fd5c6eb" ) ORDER BY t1.add_time desc  [ RunTime:0.0004s ]
SQL: SHOW COLUMNS FROM `an_comment` [ RunTime:0.0004s ]
SQL: SELECT COUNT(*) AS tp_count FROM `an_comment` WHERE `live_id` = '32f569108960e7854b19a0114fd5c6eb' LIMIT 1   [ RunTime:0.0003s ]
INFO: [ view_parse ] --START--
INFO: [ template_filter ] --START--
INFO: Run Behavior\ContentReplaceBehavior [ RunTime:0.000382s ]
INFO: [ template_filter ] --END-- [ RunTime:0.000422s ]
INFO: Run Behavior\ParseTemplateBehavior [ RunTime:0.015275s ]
INFO: [ view_parse ] --END-- [ RunTime:0.015319s ]
INFO: [ view_filter ] --START--
INFO: Run Behavior\WriteHtmlCacheBehavior [ RunTime:0.000483s ]
INFO: [ view_filter ] --END-- [ RunTime:0.000511s ]
INFO: [ app_end ] --START--
INFO: Run Behavior\ShowPageTraceBehavior [ RunTime:0.000848s ]
INFO: [ app_end ] --END-- [ RunTime:0.000908s ]

[ 2017-11-26T00:07:34+08:00 ] 127.0.0.1 /Angsir/index.php/Home/Article/article/live_id/32f569108960e7854b19a0114fd5c6eb.html
INFO: [ app_init ] --START--
INFO: Run Behavior\BuildLiteBehavior [ RunTime:0.000010s ]
INFO: [ app_init ] --END-- [ RunTime:0.000239s ]
INFO: [ app_begin ] --START--
INFO: Run Behavior\ReadHtmlCacheBehavior [ RunTime:0.000426s ]
INFO: [ app_begin ] --END-- [ RunTime:0.000464s ]
SQL: SHOW COLUMNS FROM `an_live` [ RunTime:0.0006s ]
SQL: SELECT * FROM `an_live` WHERE `live_id` = '32f569108960e7854b19a0114fd5c6eb' LIMIT 1   [ RunTime:0.0004s ]
SQL: SHOW COLUMNS FROM `an_live_read` [ RunTime:0.0005s ]
SQL: SELECT COUNT(*) AS tp_count FROM `an_live_read` WHERE `live_id` = '32f569108960e7854b19a0114fd5c6eb' AND `user_id` = '1173197065@qq.com' LIMIT 1   [ RunTime:0.0003s ]
SQL: SELECT COUNT(*) AS tp_count FROM `an_live_read` WHERE `live_id` = '32f569108960e7854b19a0114fd5c6eb' LIMIT 1   [ RunTime:0.0002s ]
SQL: UPDATE `an_live` SET `read_count`='4' WHERE `live_id` = '32f569108960e7854b19a0114fd5c6eb' [ RunTime:0.0002s ]
SQL: SHOW COLUMNS FROM `an_user` [ RunTime:0.0224s ]
SQL: SELECT * FROM `an_user` WHERE `user_id` = '1173197065@qq.com' LIMIT 1   [ RunTime:0.0003s ]
SQL: SHOW COLUMNS FROM `an_live_good` [ RunTime:0.0004s ]
SQL: SELECT COUNT(*) AS tp_count FROM `an_live_good` WHERE `live_id` = '32f569108960e7854b19a0114fd5c6eb' LIMIT 1   [ RunTime:0.0002s ]
SQL: UPDATE `an_live` SET `read_count`='4',`good_count`='1' WHERE `live_id` = '32f569108960e7854b19a0114fd5c6eb' [ RunTime:0.0002s ]
SQL: SHOW COLUMNS FROM `an_comment` [ RunTime:0.0004s ]
SQL: SELECT t1.*,t2.*,t1.add_time as live_add_time FROM an_comment AS t1,an_user AS t2 WHERE ( t1.user_id = t2.user_id AND live_id="32f569108960e7854b19a0114fd5c6eb" ) ORDER BY t1.add_time desc  [ RunTime:0.0003s ]
SQL: SHOW COLUMNS FROM `an_comment` [ RunTime:0.0004s ]
SQL: SELECT COUNT(*) AS tp_count FROM `an_comment` WHERE `live_id` = '32f569108960e7854b19a0114fd5c6eb' LIMIT 1   [ RunTime:0.0002s ]
INFO: [ view_parse ] --START--
INFO: [ template_filter ] --START--
INFO: Run Behavior\ContentReplaceBehavior [ RunTime:0.000398s ]
INFO: [ template_filter ] --END-- [ RunTime:0.000437s ]
INFO: Run Behavior\ParseTemplateBehavior [ RunTime:0.014816s ]
INFO: [ view_parse ] --END-- [ RunTime:0.014869s ]
INFO: [ view_filter ] --START--
INFO: Run Behavior\WriteHtmlCacheBehavior [ RunTime:0.000438s ]
INFO: [ view_filter ] --END-- [ RunTime:0.000482s ]
INFO: [ app_end ] --START--
INFO: Run Behavior\ShowPageTraceBehavior [ RunTime:0.000705s ]
INFO: [ app_end ] --END-- [ RunTime:0.000774s ]

[ 2017-11-26T00:07:34+08:00 ] 127.0.0.1 /Angsir/index.php/Home/Article/article/live_id/32f569108960e7854b19a0114fd5c6eb.html
INFO: [ app_init ] --START--
INFO: Run Behavior\BuildLiteBehavior [ RunTime:0.000011s ]
INFO: [ app_init ] --END-- [ RunTime:0.000368s ]
INFO: [ app_begin ] --START--
INFO: Run Behavior\ReadHtmlCacheBehavior [ RunTime:0.000496s ]
INFO: [ app_begin ] --END-- [ RunTime:0.000588s ]
SQL: SHOW COLUMNS FROM `an_live` [ RunTime:0.0007s ]
SQL: SELECT * FROM `an_live` WHERE `live_id` = '32f569108960e7854b19a0114fd5c6eb' LIMIT 1   [ RunTime:0.0004s ]
SQL: SHOW COLUMNS FROM `an_live_read` [ RunTime:0.0004s ]
SQL: SELECT COUNT(*) AS tp_count FROM `an_live_read` WHERE `live_id` = '32f569108960e7854b19a0114fd5c6eb' AND `user_id` = '1173197065@qq.com' LIMIT 1   [ RunTime:0.0002s ]
SQL: SELECT COUNT(*) AS tp_count FROM `an_live_read` WHERE `live_id` = '32f569108960e7854b19a0114fd5c6eb' LIMIT 1   [ RunTime:0.0089s ]
SQL: UPDATE `an_live` SET `read_count`='4' WHERE `live_id` = '32f569108960e7854b19a0114fd5c6eb' [ RunTime:0.0002s ]
SQL: SHOW COLUMNS FROM `an_user` [ RunTime:0.0006s ]
SQL: SELECT * FROM `an_user` WHERE `user_id` = '1173197065@qq.com' LIMIT 1   [ RunTime:0.0002s ]
SQL: SHOW COLUMNS FROM `an_live_good` [ RunTime:0.0066s ]
SQL: SELECT COUNT(*) AS tp_count FROM `an_live_good` WHERE `live_id` = '32f569108960e7854b19a0114fd5c6eb' LIMIT 1   [ RunTime:0.0002s ]
SQL: UPDATE `an_live` SET `read_count`='4',`good_count`='1' WHERE `live_id` = '32f569108960e7854b19a0114fd5c6eb' [ RunTime:0.0002s ]
SQL: SHOW COLUMNS FROM `an_comment` [ RunTime:0.0004s ]
SQL: SELECT t1.*,t2.*,t1.add_time as live_add_time FROM an_comment AS t1,an_user AS t2 WHERE ( t1.user_id = t2.user_id AND live_id="32f569108960e7854b19a0114fd5c6eb" ) ORDER BY t1.add_time desc  [ RunTime:0.0004s ]
SQL: SHOW COLUMNS FROM `an_comment` [ RunTime:0.0004s ]
SQL: SELECT COUNT(*) AS tp_count FROM `an_comment` WHERE `live_id` = '32f569108960e7854b19a0114fd5c6eb' LIMIT 1   [ RunTime:0.0002s ]
INFO: [ view_parse ] --START--
INFO: [ template_filter ] --START--
INFO: Run Behavior\ContentReplaceBehavior [ RunTime:0.000669s ]
INFO: [ template_filter ] --END-- [ RunTime:0.000743s ]
INFO: Run Behavior\ParseTemplateBehavior [ RunTime:0.018566s ]
INFO: [ view_parse ] --END-- [ RunTime:0.018634s ]
INFO: [ view_filter ] --START--
INFO: Run Behavior\WriteHtmlCacheBehavior [ RunTime:0.000467s ]
INFO: [ view_filter ] --END-- [ RunTime:0.000519s ]
INFO: [ app_end ] --START--
INFO: Run Behavior\ShowPageTraceBehavior [ RunTime:0.001051s ]
INFO: [ app_end ] --END-- [ RunTime:0.001145s ]

[ 2017-11-26T00:07:35+08:00 ] 127.0.0.1 /Angsir/index.php/Home/Article/article/live_id/32f569108960e7854b19a0114fd5c6eb.html
INFO: [ app_init ] --START--
INFO: Run Behavior\BuildLiteBehavior [ RunTime:0.000009s ]
INFO: [ app_init ] --END-- [ RunTime:0.000244s ]
INFO: [ app_begin ] --START--
INFO: Run Behavior\ReadHtmlCacheBehavior [ RunTime:0.000381s ]
INFO: [ app_begin ] --END-- [ RunTime:0.000415s ]
SQL: SHOW COLUMNS FROM `an_live` [ RunTime:0.0006s ]
SQL: SELECT * FROM `an_live` WHERE `live_id` = '32f569108960e7854b19a0114fd5c6eb' LIMIT 1   [ RunTime:0.0004s ]
SQL: SHOW COLUMNS FROM `an_live_read` [ RunTime:0.0557s ]
SQL: SELECT COUNT(*) AS tp_count FROM `an_live_read` WHERE `live_id` = '32f569108960e7854b19a0114fd5c6eb' AND `user_id` = '1173197065@qq.com' LIMIT 1   [ RunTime:0.0003s ]
SQL: SELECT COUNT(*) AS tp_count FROM `an_live_read` WHERE `live_id` = '32f569108960e7854b19a0114fd5c6eb' LIMIT 1   [ RunTime:0.0002s ]
SQL: UPDATE `an_live` SET `read_count`='4' WHERE `live_id` = '32f569108960e7854b19a0114fd5c6eb' [ RunTime:0.0002s ]
SQL: SHOW COLUMNS FROM `an_user` [ RunTime:0.0006s ]
SQL: SELECT * FROM `an_user` WHERE `user_id` = '1173197065@qq.com' LIMIT 1   [ RunTime:0.0002s ]
SQL: SHOW COLUMNS FROM `an_live_good` [ RunTime:0.0081s ]
SQL: SELECT COUNT(*) AS tp_count FROM `an_live_good` WHERE `live_id` = '32f569108960e7854b19a0114fd5c6eb' LIMIT 1   [ RunTime:0.0003s ]
SQL: UPDATE `an_live` SET `read_count`='4',`good_count`='1' WHERE `live_id` = '32f569108960e7854b19a0114fd5c6eb' [ RunTime:0.0002s ]
SQL: SHOW COLUMNS FROM `an_comment` [ RunTime:0.0140s ]
SQL: SELECT t1.*,t2.*,t1.add_time as live_add_time FROM an_comment AS t1,an_user AS t2 WHERE ( t1.user_id = t2.user_id AND live_id="32f569108960e7854b19a0114fd5c6eb" ) ORDER BY t1.add_time desc  [ RunTime:0.0004s ]
SQL: SHOW COLUMNS FROM `an_comment` [ RunTime:0.0004s ]
SQL: SELECT COUNT(*) AS tp_count FROM `an_comment` WHERE `live_id` = '32f569108960e7854b19a0114fd5c6eb' LIMIT 1   [ RunTime:0.0002s ]
INFO: [ view_parse ] --START--
INFO: [ template_filter ] --START--
INFO: Run Behavior\ContentReplaceBehavior [ RunTime:0.000380s ]
INFO: [ template_filter ] --END-- [ RunTime:0.000417s ]
INFO: Run Behavior\ParseTemplateBehavior [ RunTime:0.014689s ]
INFO: [ view_parse ] --END-- [ RunTime:0.014743s ]
INFO: [ view_filter ] --START--
INFO: Run Behavior\WriteHtmlCacheBehavior [ RunTime:0.000443s ]
INFO: [ view_filter ] --END-- [ RunTime:0.000485s ]
INFO: [ app_end ] --START--
INFO: Run Behavior\ShowPageTraceBehavior [ RunTime:0.000732s ]
INFO: [ app_end ] --END-- [ RunTime:0.000802s ]

[ 2017-11-26T00:07:36+08:00 ] 127.0.0.1 /Angsir/index.php/Home/Center/common/widgets/common/msgPopup.js
INFO: [ app_init ] --START--
INFO: Run Behavior\BuildLiteBehavior [ RunTime:0.000017s ]
INFO: [ app_init ] --END-- [ RunTime:0.000467s ]
INFO: [ app_begin ] --START--
INFO: Run Behavior\ReadHtmlCacheBehavior [ RunTime:0.000650s ]
INFO: [ app_begin ] --END-- [ RunTime:0.000713s ]
ERR: 非法操作:common

[ 2017-11-26T00:07:36+08:00 ] 127.0.0.1 /Angsir/index.php/Home/Article/article/live_id/be924f799fcd29a2490fe425146281d9.html
INFO: [ app_init ] --START--
INFO: Run Behavior\BuildLiteBehavior [ RunTime:0.000011s ]
INFO: [ app_init ] --END-- [ RunTime:0.000266s ]
INFO: [ app_begin ] --START--
INFO: Run Behavior\ReadHtmlCacheBehavior [ RunTime:0.000413s ]
INFO: [ app_begin ] --END-- [ RunTime:0.000447s ]
SQL: SHOW COLUMNS FROM `an_live` [ RunTime:0.0010s ]
SQL: SELECT * FROM `an_live` WHERE `live_id` = 'be924f799fcd29a2490fe425146281d9' LIMIT 1   [ RunTime:0.0005s ]
SQL: SHOW COLUMNS FROM `an_live_read` [ RunTime:0.0006s ]
SQL: SELECT COUNT(*) AS tp_count FROM `an_live_read` WHERE `live_id` = 'be924f799fcd29a2490fe425146281d9' AND `user_id` = '1173197065@qq.com' LIMIT 1   [ RunTime:0.0003s ]
SQL: SELECT COUNT(*) AS tp_count FROM `an_live_read` WHERE `live_id` = 'be924f799fcd29a2490fe425146281d9' LIMIT 1   [ RunTime:0.0002s ]
SQL: UPDATE `an_live` SET `read_count`='1' WHERE `live_id` = 'be924f799fcd29a2490fe425146281d9' [ RunTime:0.0002s ]
SQL: SHOW COLUMNS FROM `an_user` [ RunTime:0.0007s ]
SQL: SELECT * FROM `an_user` WHERE `user_id` = '1173197065@qq.com' LIMIT 1   [ RunTime:0.0003s ]
SQL: SHOW COLUMNS FROM `an_live_good` [ RunTime:0.0005s ]
SQL: SELECT COUNT(*) AS tp_count FROM `an_live_good` WHERE `live_id` = 'be924f799fcd29a2490fe425146281d9' LIMIT 1   [ RunTime:0.0002s ]
SQL: UPDATE `an_live` SET `read_count`='1',`good_count`='0' WHERE `live_id` = 'be924f799fcd29a2490fe425146281d9' [ RunTime:0.0003s ]
SQL: SHOW COLUMNS FROM `an_comment` [ RunTime:0.0007s ]
SQL: SELECT t1.*,t2.*,t1.add_time as live_add_time FROM an_comment AS t1,an_user AS t2 WHERE ( t1.user_id = t2.user_id AND live_id="be924f799fcd29a2490fe425146281d9" ) ORDER BY t1.add_time desc  [ RunTime:0.0004s ]
SQL: SHOW COLUMNS FROM `an_comment` [ RunTime:0.0005s ]
SQL: SELECT COUNT(*) AS tp_count FROM `an_comment` WHERE `live_id` = 'be924f799fcd29a2490fe425146281d9' LIMIT 1   [ RunTime:0.0002s ]
INFO: [ view_parse ] --START--
INFO: [ template_filter ] --START--
INFO: Run Behavior\ContentReplaceBehavior [ RunTime:0.000429s ]
INFO: [ template_filter ] --END-- [ RunTime:0.000480s ]
INFO: Run Behavior\ParseTemplateBehavior [ RunTime:0.016300s ]
INFO: [ view_parse ] --END-- [ RunTime:0.016354s ]
INFO: [ view_filter ] --START--
INFO: Run Behavior\WriteHtmlCacheBehavior [ RunTime:0.000447s ]
INFO: [ view_filter ] --END-- [ RunTime:0.000485s ]
INFO: [ app_end ] --START--
INFO: Run Behavior\ShowPageTraceBehavior [ RunTime:0.000728s ]
INFO: [ app_end ] --END-- [ RunTime:0.000779s ]

[ 2017-11-26T00:07:38+08:00 ] 127.0.0.1 /Angsir/index.php/Home/Article/article/live_id/be924f799fcd29a2490fe425146281d9.html
INFO: [ app_init ] --START--
INFO: Run Behavior\BuildLiteBehavior [ RunTime:0.000012s ]
INFO: [ app_init ] --END-- [ RunTime:0.000291s ]
INFO: [ app_begin ] --START--
INFO: Run Behavior\ReadHtmlCacheBehavior [ RunTime:0.000411s ]
INFO: [ app_begin ] --END-- [ RunTime:0.000448s ]
SQL: SHOW COLUMNS FROM `an_live` [ RunTime:0.0009s ]
SQL: SELECT * FROM `an_live` WHERE `live_id` = 'be924f799fcd29a2490fe425146281d9' LIMIT 1   [ RunTime:0.0005s ]
SQL: SHOW COLUMNS FROM `an_live_read` [ RunTime:0.0006s ]
SQL: SELECT COUNT(*) AS tp_count FROM `an_live_read` WHERE `live_id` = 'be924f799fcd29a2490fe425146281d9' AND `user_id` = '1173197065@qq.com' LIMIT 1   [ RunTime:0.0003s ]
SQL: SELECT COUNT(*) AS tp_count FROM `an_live_read` WHERE `live_id` = 'be924f799fcd29a2490fe425146281d9' LIMIT 1   [ RunTime:0.0002s ]
SQL: UPDATE `an_live` SET `read_count`='1' WHERE `live_id` = 'be924f799fcd29a2490fe425146281d9' [ RunTime:0.0002s ]
SQL: SHOW COLUMNS FROM `an_user` [ RunTime:0.0006s ]
SQL: SELECT * FROM `an_user` WHERE `user_id` = '1173197065@qq.com' LIMIT 1   [ RunTime:0.0003s ]
SQL: SHOW COLUMNS FROM `an_live_good` [ RunTime:0.0004s ]
SQL: SELECT COUNT(*) AS tp_count FROM `an_live_good` WHERE `live_id` = 'be924f799fcd29a2490fe425146281d9' LIMIT 1   [ RunTime:0.0002s ]
SQL: UPDATE `an_live` SET `read_count`='1',`good_count`='0' WHERE `live_id` = 'be924f799fcd29a2490fe425146281d9' [ RunTime:0.0002s ]
SQL: SHOW COLUMNS FROM `an_comment` [ RunTime:0.0009s ]
SQL: SELECT t1.*,t2.*,t1.add_time as live_add_time FROM an_comment AS t1,an_user AS t2 WHERE ( t1.user_id = t2.user_id AND live_id="be924f799fcd29a2490fe425146281d9" ) ORDER BY t1.add_time desc  [ RunTime:0.0004s ]
SQL: SHOW COLUMNS FROM `an_comment` [ RunTime:0.0004s ]
SQL: SELECT COUNT(*) AS tp_count FROM `an_comment` WHERE `live_id` = 'be924f799fcd29a2490fe425146281d9' LIMIT 1   [ RunTime:0.0002s ]
INFO: [ view_parse ] --START--
INFO: [ template_filter ] --START--
INFO: Run Behavior\ContentReplaceBehavior [ RunTime:0.000400s ]
INFO: [ template_filter ] --END-- [ RunTime:0.000439s ]
INFO: Run Behavior\ParseTemplateBehavior [ RunTime:0.014539s ]
INFO: [ view_parse ] --END-- [ RunTime:0.014593s ]
INFO: [ view_filter ] --START--
INFO: Run Behavior\WriteHtmlCacheBehavior [ RunTime:0.000441s ]
INFO: [ view_filter ] --END-- [ RunTime:0.000484s ]
INFO: [ app_end ] --START--
INFO: Run Behavior\ShowPageTraceBehavior [ RunTime:0.000724s ]
INFO: [ app_end ] --END-- [ RunTime:0.000805s ]

[ 2017-11-26T00:07:38+08:00 ] 127.0.0.1 /Angsir/index.php/Home/Center/common/widgets/common/msgPopup.js
INFO: [ app_init ] --START--
INFO: Run Behavior\BuildLiteBehavior [ RunTime:0.000017s ]
INFO: [ app_init ] --END-- [ RunTime:0.000433s ]
INFO: [ app_begin ] --START--
INFO: Run Behavior\ReadHtmlCacheBehavior [ RunTime:0.000691s ]
INFO: [ app_begin ] --END-- [ RunTime:0.000761s ]
ERR: 非法操作:common

[ 2017-11-26T00:07:39+08:00 ] 127.0.0.1 /Angsir/index.php/Home/Article/article/live_id/cd57edf39446cb731ac7efaac51d2361.html
INFO: [ app_init ] --START--
INFO: Run Behavior\BuildLiteBehavior [ RunTime:0.000008s ]
INFO: [ app_init ] --END-- [ RunTime:0.000235s ]
INFO: [ app_begin ] --START--
INFO: Run Behavior\ReadHtmlCacheBehavior [ RunTime:0.000384s ]
INFO: [ app_begin ] --END-- [ RunTime:0.000423s ]
SQL: SHOW COLUMNS FROM `an_live` [ RunTime:0.0007s ]
SQL: SELECT * FROM `an_live` WHERE `live_id` = 'cd57edf39446cb731ac7efaac51d2361' LIMIT 1   [ RunTime:0.0004s ]
SQL: SHOW COLUMNS FROM `an_live_read` [ RunTime:0.0004s ]
SQL: SELECT COUNT(*) AS tp_count FROM `an_live_read` WHERE `live_id` = 'cd57edf39446cb731ac7efaac51d2361' AND `user_id` = '1173197065@qq.com' LIMIT 1   [ RunTime:0.0003s ]
SQL: SELECT COUNT(*) AS tp_count FROM `an_live_read` WHERE `live_id` = 'cd57edf39446cb731ac7efaac51d2361' LIMIT 1   [ RunTime:0.0002s ]
SQL: UPDATE `an_live` SET `read_count`='2' WHERE `live_id` = 'cd57edf39446cb731ac7efaac51d2361' [ RunTime:0.0002s ]
SQL: SHOW COLUMNS FROM `an_user` [ RunTime:0.0005s ]
SQL: SELECT * FROM `an_user` WHERE `user_id` = '1173197065@qq.com' LIMIT 1   [ RunTime:0.0002s ]
SQL: SHOW COLUMNS FROM `an_live_good` [ RunTime:0.0004s ]
SQL: SELECT COUNT(*) AS tp_count FROM `an_live_good` WHERE `live_id` = 'cd57edf39446cb731ac7efaac51d2361' LIMIT 1   [ RunTime:0.0002s ]
SQL: UPDATE `an_live` SET `read_count`='2',`good_count`='1' WHERE `live_id` = 'cd57edf39446cb731ac7efaac51d2361' [ RunTime:0.0002s ]
SQL: SHOW COLUMNS FROM `an_comment` [ RunTime:0.0005s ]
SQL: SELECT t1.*,t2.*,t1.add_time as live_add_time FROM an_comment AS t1,an_user AS t2 WHERE ( t1.user_id = t2.user_id AND live_id="cd57edf39446cb731ac7efaac51d2361" ) ORDER BY t1.add_time desc  [ RunTime:0.0004s ]
SQL: SHOW COLUMNS FROM `an_comment` [ RunTime:0.0004s ]
SQL: SELECT COUNT(*) AS tp_count FROM `an_comment` WHERE `live_id` = 'cd57edf39446cb731ac7efaac51d2361' LIMIT 1   [ RunTime:0.0002s ]
INFO: [ view_parse ] --START--
INFO: [ template_filter ] --START--
INFO: Run Behavior\ContentReplaceBehavior [ RunTime:0.000362s ]
INFO: [ template_filter ] --END-- [ RunTime:0.000403s ]
INFO: Run Behavior\ParseTemplateBehavior [ RunTime:0.014566s ]
INFO: [ view_parse ] --END-- [ RunTime:0.014607s ]
INFO: [ view_filter ] --START--
INFO: Run Behavior\WriteHtmlCacheBehavior [ RunTime:0.000331s ]
INFO: [ view_filter ] --END-- [ RunTime:0.000357s ]
INFO: [ app_end ] --START--
INFO: Run Behavior\ShowPageTraceBehavior [ RunTime:0.000648s ]
INFO: [ app_end ] --END-- [ RunTime:0.000797s ]

[ 2017-11-26T00:07:40+08:00 ] 127.0.0.1 /Angsir/index.php/Home/Article/article/live_id/cd57edf39446cb731ac7efaac51d2361.html
INFO: [ app_init ] --START--
INFO: Run Behavior\BuildLiteBehavior [ RunTime:0.000011s ]
INFO: [ app_init ] --END-- [ RunTime:0.000292s ]
INFO: [ app_begin ] --START--
INFO: Run Behavior\ReadHtmlCacheBehavior [ RunTime:0.000496s ]
INFO: [ app_begin ] --END-- [ RunTime:0.000531s ]
SQL: SHOW COLUMNS FROM `an_live` [ RunTime:0.0007s ]
SQL: SELECT * FROM `an_live` WHERE `live_id` = 'cd57edf39446cb731ac7efaac51d2361' LIMIT 1   [ RunTime:0.0004s ]
SQL: SHOW COLUMNS FROM `an_live_read` [ RunTime:0.0004s ]
SQL: SELECT COUNT(*) AS tp_count FROM `an_live_read` WHERE `live_id` = 'cd57edf39446cb731ac7efaac51d2361' AND `user_id` = '1173197065@qq.com' LIMIT 1   [ RunTime:0.0002s ]
SQL: SELECT COUNT(*) AS tp_count FROM `an_live_read` WHERE `live_id` = 'cd57edf39446cb731ac7efaac51d2361' LIMIT 1   [ RunTime:0.0002s ]
SQL: UPDATE `an_live` SET `read_count`='2' WHERE `live_id` = 'cd57edf39446cb731ac7efaac51d2361' [ RunTime:0.0002s ]
SQL: SHOW COLUMNS FROM `an_user` [ RunTime:0.0005s ]
SQL: SELECT * FROM `an_user` WHERE `user_id` = '1173197065@qq.com' LIMIT 1   [ RunTime:0.0003s ]
SQL: SHOW COLUMNS FROM `an_live_good` [ RunTime:0.0004s ]
SQL: SELECT COUNT(*) AS tp_count FROM `an_live_good` WHERE `live_id` = 'cd57edf39446cb731ac7efaac51d2361' LIMIT 1   [ RunTime:0.0002s ]
SQL: UPDATE `an_live` SET `read_count`='2',`good_count`='1' WHERE `live_id` = 'cd57edf39446cb731ac7efaac51d2361' [ RunTime:0.0002s ]
SQL: SHOW COLUMNS FROM `an_comment` [ RunTime:0.0004s ]
SQL: SELECT t1.*,t2.*,t1.add_time as live_add_time FROM an_comment AS t1,an_user AS t2 WHERE ( t1.user_id = t2.user_id AND live_id="cd57edf39446cb731ac7efaac51d2361" ) ORDER BY t1.add_time desc  [ RunTime:0.0005s ]
SQL: SHOW COLUMNS FROM `an_comment` [ RunTime:0.0004s ]
SQL: SELECT COUNT(*) AS tp_count FROM `an_comment` WHERE `live_id` = 'cd57edf39446cb731ac7efaac51d2361' LIMIT 1   [ RunTime:0.0002s ]
INFO: [ view_parse ] --START--
INFO: [ template_filter ] --START--
INFO: Run Behavior\ContentReplaceBehavior [ RunTime:0.000387s ]
INFO: [ template_filter ] --END-- [ RunTime:0.000429s ]
INFO: Run Behavior\ParseTemplateBehavior [ RunTime:0.015267s ]
INFO: [ view_parse ] --END-- [ RunTime:0.015318s ]
INFO: [ view_filter ] --START--
INFO: Run Behavior\WriteHtmlCacheBehavior [ RunTime:0.000618s ]
INFO: [ view_filter ] --END-- [ RunTime:0.000660s ]
INFO: [ app_end ] --START--
INFO: Run Behavior\ShowPageTraceBehavior [ RunTime:0.000979s ]
INFO: [ app_end ] --END-- [ RunTime:0.001071s ]

[ 2017-11-26T00:07:40+08:00 ] 127.0.0.1 /Angsir/index.php/Home/Center/common/widgets/common/msgPopup.js
INFO: [ app_init ] --START--
INFO: Run Behavior\BuildLiteBehavior [ RunTime:0.000016s ]
INFO: [ app_init ] --END-- [ RunTime:0.000446s ]
INFO: [ app_begin ] --START--
INFO: Run Behavior\ReadHtmlCacheBehavior [ RunTime:0.000750s ]
INFO: [ app_begin ] --END-- [ RunTime:0.000833s ]
ERR: 非法操作:common

[ 2017-11-26T00:07:41+08:00 ] 127.0.0.1 /Angsir/index.php/Home/Article/article/live_id/be924f799fcd29a2490fe425146281d9.html
INFO: [ app_init ] --START--
INFO: Run Behavior\BuildLiteBehavior [ RunTime:0.000009s ]
INFO: [ app_init ] --END-- [ RunTime:0.000240s ]
INFO: [ app_begin ] --START--
INFO: Run Behavior\ReadHtmlCacheBehavior [ RunTime:0.000375s ]
INFO: [ app_begin ] --END-- [ RunTime:0.000405s ]
SQL: SHOW COLUMNS FROM `an_live` [ RunTime:0.0007s ]
SQL: SELECT * FROM `an_live` WHERE `live_id` = 'be924f799fcd29a2490fe425146281d9' LIMIT 1   [ RunTime:0.0004s ]
SQL: SHOW COLUMNS FROM `an_live_read` [ RunTime:0.0005s ]
SQL: SELECT COUNT(*) AS tp_count FROM `an_live_read` WHERE `live_id` = 'be924f799fcd29a2490fe425146281d9' AND `user_id` = '1173197065@qq.com' LIMIT 1   [ RunTime:0.0002s ]
SQL: SELECT COUNT(*) AS tp_count FROM `an_live_read` WHERE `live_id` = 'be924f799fcd29a2490fe425146281d9' LIMIT 1   [ RunTime:0.0002s ]
SQL: UPDATE `an_live` SET `read_count`='1' WHERE `live_id` = 'be924f799fcd29a2490fe425146281d9' [ RunTime:0.0002s ]
SQL: SHOW COLUMNS FROM `an_user` [ RunTime:0.0006s ]
SQL: SELECT * FROM `an_user` WHERE `user_id` = '1173197065@qq.com' LIMIT 1   [ RunTime:0.0003s ]
SQL: SHOW COLUMNS FROM `an_live_good` [ RunTime:0.0005s ]
SQL: SELECT COUNT(*) AS tp_count FROM `an_live_good` WHERE `live_id` = 'be924f799fcd29a2490fe425146281d9' LIMIT 1   [ RunTime:0.0002s ]
SQL: UPDATE `an_live` SET `read_count`='1',`good_count`='0' WHERE `live_id` = 'be924f799fcd29a2490fe425146281d9' [ RunTime:0.0005s ]
SQL: SHOW COLUMNS FROM `an_comment` [ RunTime:0.0008s ]
SQL: SELECT t1.*,t2.*,t1.add_time as live_add_time FROM an_comment AS t1,an_user AS t2 WHERE ( t1.user_id = t2.user_id AND live_id="be924f799fcd29a2490fe425146281d9" ) ORDER BY t1.add_time desc  [ RunTime:0.0005s ]
SQL: SHOW COLUMNS FROM `an_comment` [ RunTime:0.0006s ]
SQL: SELECT COUNT(*) AS tp_count FROM `an_comment` WHERE `live_id` = 'be924f799fcd29a2490fe425146281d9' LIMIT 1   [ RunTime:0.0003s ]
INFO: [ view_parse ] --START--
INFO: [ template_filter ] --START--
INFO: Run Behavior\ContentReplaceBehavior [ RunTime:0.000376s ]
INFO: [ template_filter ] --END-- [ RunTime:0.000415s ]
INFO: Run Behavior\ParseTemplateBehavior [ RunTime:0.016329s ]
INFO: [ view_parse ] --END-- [ RunTime:0.016393s ]
INFO: [ view_filter ] --START--
INFO: Run Behavior\WriteHtmlCacheBehavior [ RunTime:0.000468s ]
INFO: [ view_filter ] --END-- [ RunTime:0.000519s ]
INFO: [ app_end ] --START--
INFO: Run Behavior\ShowPageTraceBehavior [ RunTime:0.000901s ]
INFO: [ app_end ] --END-- [ RunTime:0.000975s ]

[ 2017-11-26T00:07:41+08:00 ] 127.0.0.1 /Angsir/index.php/Home/Article/article/live_id/be924f799fcd29a2490fe425146281d9.html
INFO: [ app_init ] --START--
INFO: Run Behavior\BuildLiteBehavior [ RunTime:0.000010s ]
INFO: [ app_init ] --END-- [ RunTime:0.000250s ]
INFO: [ app_begin ] --START--
INFO: Run Behavior\ReadHtmlCacheBehavior [ RunTime:0.000413s ]
INFO: [ app_begin ] --END-- [ RunTime:0.000446s ]
SQL: SHOW COLUMNS FROM `an_live` [ RunTime:0.0006s ]
SQL: SELECT * FROM `an_live` WHERE `live_id` = 'be924f799fcd29a2490fe425146281d9' LIMIT 1   [ RunTime:0.0004s ]
SQL: SHOW COLUMNS FROM `an_live_read` [ RunTime:0.0004s ]
SQL: SELECT COUNT(*) AS tp_count FROM `an_live_read` WHERE `live_id` = 'be924f799fcd29a2490fe425146281d9' AND `user_id` = '1173197065@qq.com' LIMIT 1   [ RunTime:0.0002s ]
SQL: SELECT COUNT(*) AS tp_count FROM `an_live_read` WHERE `live_id` = 'be924f799fcd29a2490fe425146281d9' LIMIT 1   [ RunTime:0.0002s ]
SQL: UPDATE `an_live` SET `read_count`='1' WHERE `live_id` = 'be924f799fcd29a2490fe425146281d9' [ RunTime:0.0004s ]
SQL: SHOW COLUMNS FROM `an_user` [ RunTime:0.0006s ]
SQL: SELECT * FROM `an_user` WHERE `user_id` = '1173197065@qq.com' LIMIT 1   [ RunTime:0.0003s ]
SQL: SHOW COLUMNS FROM `an_live_good` [ RunTime:0.0004s ]
SQL: SELECT COUNT(*) AS tp_count FROM `an_live_good` WHERE `live_id` = 'be924f799fcd29a2490fe425146281d9' LIMIT 1   [ RunTime:0.0002s ]
SQL: UPDATE `an_live` SET `read_count`='1',`good_count`='0' WHERE `live_id` = 'be924f799fcd29a2490fe425146281d9' [ RunTime:0.0002s ]
SQL: SHOW COLUMNS FROM `an_comment` [ RunTime:0.0005s ]
SQL: SELECT t1.*,t2.*,t1.add_time as live_add_time FROM an_comment AS t1,an_user AS t2 WHERE ( t1.user_id = t2.user_id AND live_id="be924f799fcd29a2490fe425146281d9" ) ORDER BY t1.add_time desc  [ RunTime:0.0003s ]
SQL: SHOW COLUMNS FROM `an_comment` [ RunTime:0.0004s ]
SQL: SELECT COUNT(*) AS tp_count FROM `an_comment` WHERE `live_id` = 'be924f799fcd29a2490fe425146281d9' LIMIT 1   [ RunTime:0.0002s ]
INFO: [ view_parse ] --START--
INFO: [ template_filter ] --START--
INFO: Run Behavior\ContentReplaceBehavior [ RunTime:0.000391s ]
INFO: [ template_filter ] --END-- [ RunTime:0.000436s ]
INFO: Run Behavior\ParseTemplateBehavior [ RunTime:0.014758s ]
INFO: [ view_parse ] --END-- [ RunTime:0.014804s ]
INFO: [ view_filter ] --START--
INFO: Run Behavior\WriteHtmlCacheBehavior [ RunTime:0.000326s ]
INFO: [ view_filter ] --END-- [ RunTime:0.000356s ]
INFO: [ app_end ] --START--
INFO: Run Behavior\ShowPageTraceBehavior [ RunTime:0.000805s ]
INFO: [ app_end ] --END-- [ RunTime:0.000877s ]

[ 2017-11-26T00:07:42+08:00 ] 127.0.0.1 /Angsir/index.php/Home/Center/common/widgets/common/msgPopup.js
INFO: [ app_init ] --START--
INFO: Run Behavior\BuildLiteBehavior [ RunTime:0.000022s ]
INFO: [ app_init ] --END-- [ RunTime:0.000635s ]
INFO: [ app_begin ] --START--
INFO: Run Behavior\ReadHtmlCacheBehavior [ RunTime:0.000933s ]
INFO: [ app_begin ] --END-- [ RunTime:0.001012s ]
ERR: 非法操作:common

[ 2017-11-26T00:07:42+08:00 ] 127.0.0.1 /Angsir/index.php/Home/Article/article/live_id/32f569108960e7854b19a0114fd5c6eb.html
INFO: [ app_init ] --START--
INFO: Run Behavior\BuildLiteBehavior [ RunTime:0.000011s ]
INFO: [ app_init ] --END-- [ RunTime:0.000316s ]
INFO: [ app_begin ] --START--
INFO: Run Behavior\ReadHtmlCacheBehavior [ RunTime:0.001159s ]
INFO: [ app_begin ] --END-- [ RunTime:0.001233s ]
SQL: SHOW COLUMNS FROM `an_live` [ RunTime:0.0008s ]
SQL: SELECT * FROM `an_live` WHERE `live_id` = '32f569108960e7854b19a0114fd5c6eb' LIMIT 1   [ RunTime:0.0004s ]
SQL: SHOW COLUMNS FROM `an_live_read` [ RunTime:0.0164s ]
SQL: SELECT COUNT(*) AS tp_count FROM `an_live_read` WHERE `live_id` = '32f569108960e7854b19a0114fd5c6eb' AND `user_id` = '1173197065@qq.com' LIMIT 1   [ RunTime:0.0003s ]
SQL: SELECT COUNT(*) AS tp_count FROM `an_live_read` WHERE `live_id` = '32f569108960e7854b19a0114fd5c6eb' LIMIT 1   [ RunTime:0.0002s ]
SQL: UPDATE `an_live` SET `read_count`='4' WHERE `live_id` = '32f569108960e7854b19a0114fd5c6eb' [ RunTime:0.0002s ]
SQL: SHOW COLUMNS FROM `an_user` [ RunTime:0.0005s ]
SQL: SELECT * FROM `an_user` WHERE `user_id` = '1173197065@qq.com' LIMIT 1   [ RunTime:0.0003s ]
SQL: SHOW COLUMNS FROM `an_live_good` [ RunTime:0.0005s ]
SQL: SELECT COUNT(*) AS tp_count FROM `an_live_good` WHERE `live_id` = '32f569108960e7854b19a0114fd5c6eb' LIMIT 1   [ RunTime:0.0002s ]
SQL: UPDATE `an_live` SET `read_count`='4',`good_count`='1' WHERE `live_id` = '32f569108960e7854b19a0114fd5c6eb' [ RunTime:0.0002s ]
SQL: SHOW COLUMNS FROM `an_comment` [ RunTime:0.0006s ]
SQL: SELECT t1.*,t2.*,t1.add_time as live_add_time FROM an_comment AS t1,an_user AS t2 WHERE ( t1.user_id = t2.user_id AND live_id="32f569108960e7854b19a0114fd5c6eb" ) ORDER BY t1.add_time desc  [ RunTime:0.0004s ]
SQL: SHOW COLUMNS FROM `an_comment` [ RunTime:0.0004s ]
SQL: SELECT COUNT(*) AS tp_count FROM `an_comment` WHERE `live_id` = '32f569108960e7854b19a0114fd5c6eb' LIMIT 1   [ RunTime:0.0002s ]
INFO: [ view_parse ] --START--
INFO: [ template_filter ] --START--
INFO: Run Behavior\ContentReplaceBehavior [ RunTime:0.001238s ]
INFO: [ template_filter ] --END-- [ RunTime:0.001333s ]
INFO: Run Behavior\ParseTemplateBehavior [ RunTime:0.021361s ]
INFO: [ view_parse ] --END-- [ RunTime:0.021426s ]
INFO: [ view_filter ] --START--
INFO: Run Behavior\WriteHtmlCacheBehavior [ RunTime:0.000625s ]
INFO: [ view_filter ] --END-- [ RunTime:0.000670s ]
INFO: [ app_end ] --START--
INFO: Run Behavior\ShowPageTraceBehavior [ RunTime:0.001075s ]
INFO: [ app_end ] --END-- [ RunTime:0.001147s ]

[ 2017-11-26T00:07:43+08:00 ] 127.0.0.1 /Angsir/index.php/Home/Center/common/widgets/common/msgPopup.js
INFO: [ app_init ] --START--
INFO: Run Behavior\BuildLiteBehavior [ RunTime:0.000073s ]
INFO: [ app_init ] --END-- [ RunTime:0.000717s ]
INFO: [ app_begin ] --START--
INFO: Run Behavior\ReadHtmlCacheBehavior [ RunTime:0.000698s ]
INFO: [ app_begin ] --END-- [ RunTime:0.000769s ]
ERR: 非法操作:common

[ 2017-11-26T00:07:44+08:00 ] 127.0.0.1 /Angsir/index.php/Home/Article/article/live_id/5564ae7bc296a26441f815e708c5901a.html
INFO: [ app_init ] --START--
INFO: Run Behavior\BuildLiteBehavior [ RunTime:0.000011s ]
INFO: [ app_init ] --END-- [ RunTime:0.000259s ]
INFO: [ app_begin ] --START--
INFO: Run Behavior\ReadHtmlCacheBehavior [ RunTime:0.000401s ]
INFO: [ app_begin ] --END-- [ RunTime:0.000435s ]
SQL: SHOW COLUMNS FROM `an_live` [ RunTime:0.0009s ]
SQL: SELECT * FROM `an_live` WHERE `live_id` = '5564ae7bc296a26441f815e708c5901a' LIMIT 1   [ RunTime:0.0010s ]
SQL: SHOW COLUMNS FROM `an_live_read` [ RunTime:0.0005s ]
SQL: SELECT COUNT(*) AS tp_count FROM `an_live_read` WHERE `live_id` = '5564ae7bc296a26441f815e708c5901a' AND `user_id` = '1173197065@qq.com' LIMIT 1   [ RunTime:0.0002s ]
SQL: SELECT COUNT(*) AS tp_count FROM `an_live_read` WHERE `live_id` = '5564ae7bc296a26441f815e708c5901a' LIMIT 1   [ RunTime:0.0002s ]
SQL: UPDATE `an_live` SET `read_count`='1' WHERE `live_id` = '5564ae7bc296a26441f815e708c5901a' [ RunTime:0.0002s ]
SQL: SHOW COLUMNS FROM `an_user` [ RunTime:0.0863s ]
SQL: SELECT * FROM `an_user` WHERE `user_id` = '1173197065@qq.com' LIMIT 1   [ RunTime:0.0003s ]
SQL: SHOW COLUMNS FROM `an_live_good` [ RunTime:0.0005s ]
SQL: SELECT COUNT(*) AS tp_count FROM `an_live_good` WHERE `live_id` = '5564ae7bc296a26441f815e708c5901a' LIMIT 1   [ RunTime:0.0002s ]
SQL: UPDATE `an_live` SET `read_count`='1',`good_count`='0' WHERE `live_id` = '5564ae7bc296a26441f815e708c5901a' [ RunTime:0.0002s ]
SQL: SHOW COLUMNS FROM `an_comment` [ RunTime:0.0005s ]
SQL: SELECT t1.*,t2.*,t1.add_time as live_add_time FROM an_comment AS t1,an_user AS t2 WHERE ( t1.user_id = t2.user_id AND live_id="5564ae7bc296a26441f815e708c5901a" ) ORDER BY t1.add_time desc  [ RunTime:0.0003s ]
SQL: SHOW COLUMNS FROM `an_comment` [ RunTime:0.0004s ]
SQL: SELECT COUNT(*) AS tp_count FROM `an_comment` WHERE `live_id` = '5564ae7bc296a26441f815e708c5901a' LIMIT 1   [ RunTime:0.0002s ]
INFO: [ view_parse ] --START--
INFO: [ template_filter ] --START--
INFO: Run Behavior\ContentReplaceBehavior [ RunTime:0.000401s ]
INFO: [ template_filter ] --END-- [ RunTime:0.000452s ]
INFO: Run Behavior\ParseTemplateBehavior [ RunTime:0.017149s ]
INFO: [ view_parse ] --END-- [ RunTime:0.017213s ]
INFO: [ view_filter ] --START--
INFO: Run Behavior\WriteHtmlCacheBehavior [ RunTime:0.000475s ]
INFO: [ view_filter ] --END-- [ RunTime:0.000523s ]
INFO: [ app_end ] --START--
INFO: Run Behavior\ShowPageTraceBehavior [ RunTime:0.000816s ]
INFO: [ app_end ] --END-- [ RunTime:0.000898s ]

[ 2017-11-26T00:07:44+08:00 ] 127.0.0.1 /Angsir/index.php/Home/Article/article/live_id/5564ae7bc296a26441f815e708c5901a.html
INFO: [ app_init ] --START--
INFO: Run Behavior\BuildLiteBehavior [ RunTime:0.000012s ]
INFO: [ app_init ] --END-- [ RunTime:0.000319s ]
INFO: [ app_begin ] --START--
INFO: Run Behavior\ReadHtmlCacheBehavior [ RunTime:0.000571s ]
INFO: [ app_begin ] --END-- [ RunTime:0.000631s ]
SQL: SHOW COLUMNS FROM `an_live` [ RunTime:0.0006s ]
SQL: SELECT * FROM `an_live` WHERE `live_id` = '5564ae7bc296a26441f815e708c5901a' LIMIT 1   [ RunTime:0.0004s ]
SQL: SHOW COLUMNS FROM `an_live_read` [ RunTime:0.0004s ]
SQL: SELECT COUNT(*) AS tp_count FROM `an_live_read` WHERE `live_id` = '5564ae7bc296a26441f815e708c5901a' AND `user_id` = '1173197065@qq.com' LIMIT 1   [ RunTime:0.0002s ]
SQL: SELECT COUNT(*) AS tp_count FROM `an_live_read` WHERE `live_id` = '5564ae7bc296a26441f815e708c5901a' LIMIT 1   [ RunTime:0.0002s ]
SQL: UPDATE `an_live` SET `read_count`='1' WHERE `live_id` = '5564ae7bc296a26441f815e708c5901a' [ RunTime:0.0002s ]
SQL: SHOW COLUMNS FROM `an_user` [ RunTime:0.0008s ]
SQL: SELECT * FROM `an_user` WHERE `user_id` = '1173197065@qq.com' LIMIT 1   [ RunTime:0.0003s ]
SQL: SHOW COLUMNS FROM `an_live_good` [ RunTime:0.0005s ]
SQL: SELECT COUNT(*) AS tp_count FROM `an_live_good` WHERE `live_id` = '5564ae7bc296a26441f815e708c5901a' LIMIT 1   [ RunTime:0.0002s ]
SQL: UPDATE `an_live` SET `read_count`='1',`good_count`='0' WHERE `live_id` = '5564ae7bc296a26441f815e708c5901a' [ RunTime:0.0002s ]
SQL: SHOW COLUMNS FROM `an_comment` [ RunTime:0.0007s ]
SQL: SELECT t1.*,t2.*,t1.add_time as live_add_time FROM an_comment AS t1,an_user AS t2 WHERE ( t1.user_id = t2.user_id AND live_id="5564ae7bc296a26441f815e708c5901a" ) ORDER BY t1.add_time desc  [ RunTime:0.0003s ]
SQL: SHOW COLUMNS FROM `an_comment` [ RunTime:0.0004s ]
SQL: SELECT COUNT(*) AS tp_count FROM `an_comment` WHERE `live_id` = '5564ae7bc296a26441f815e708c5901a' LIMIT 1   [ RunTime:0.0002s ]
INFO: [ view_parse ] --START--
INFO: [ template_filter ] --START--
INFO: Run Behavior\ContentReplaceBehavior [ RunTime:0.000373s ]
INFO: [ template_filter ] --END-- [ RunTime:0.000415s ]
INFO: Run Behavior\ParseTemplateBehavior [ RunTime:0.014829s ]
INFO: [ view_parse ] --END-- [ RunTime:0.014888s ]
INFO: [ view_filter ] --START--
INFO: Run Behavior\WriteHtmlCacheBehavior [ RunTime:0.000428s ]
INFO: [ view_filter ] --END-- [ RunTime:0.000478s ]
INFO: [ app_end ] --START--
INFO: Run Behavior\ShowPageTraceBehavior [ RunTime:0.000726s ]
INFO: [ app_end ] --END-- [ RunTime:0.000818s ]

[ 2017-11-26T00:07:45+08:00 ] 127.0.0.1 /Angsir/index.php/Home/Center/common/widgets/common/msgPopup.js
INFO: [ app_init ] --START--
INFO: Run Behavior\BuildLiteBehavior [ RunTime:0.000019s ]
INFO: [ app_init ] --END-- [ RunTime:0.000620s ]
INFO: [ app_begin ] --START--
INFO: Run Behavior\ReadHtmlCacheBehavior [ RunTime:0.000853s ]
INFO: [ app_begin ] --END-- [ RunTime:0.000941s ]
ERR: 非法操作:common

[ 2017-11-26T00:07:45+08:00 ] 127.0.0.1 /Angsir/index.php/Home/Article/article/live_id/32f569108960e7854b19a0114fd5c6eb.html
INFO: [ app_init ] --START--
INFO: Run Behavior\BuildLiteBehavior [ RunTime:0.000009s ]
INFO: [ app_init ] --END-- [ RunTime:0.000244s ]
INFO: [ app_begin ] --START--
INFO: Run Behavior\ReadHtmlCacheBehavior [ RunTime:0.000414s ]
INFO: [ app_begin ] --END-- [ RunTime:0.000455s ]
SQL: SHOW COLUMNS FROM `an_live` [ RunTime:0.0006s ]
SQL: SELECT * FROM `an_live` WHERE `live_id` = '32f569108960e7854b19a0114fd5c6eb' LIMIT 1   [ RunTime:0.0004s ]
SQL: SHOW COLUMNS FROM `an_live_read` [ RunTime:0.0004s ]
SQL: SELECT COUNT(*) AS tp_count FROM `an_live_read` WHERE `live_id` = '32f569108960e7854b19a0114fd5c6eb' AND `user_id` = '1173197065@qq.com' LIMIT 1   [ RunTime:0.0003s ]
SQL: SELECT COUNT(*) AS tp_count FROM `an_live_read` WHERE `live_id` = '32f569108960e7854b19a0114fd5c6eb' LIMIT 1   [ RunTime:0.0002s ]
SQL: UPDATE `an_live` SET `read_count`='4' WHERE `live_id` = '32f569108960e7854b19a0114fd5c6eb' [ RunTime:0.0002s ]
SQL: SHOW COLUMNS FROM `an_user` [ RunTime:0.0005s ]
SQL: SELECT * FROM `an_user` WHERE `user_id` = '1173197065@qq.com' LIMIT 1   [ RunTime:0.0002s ]
SQL: SHOW COLUMNS FROM `an_live_good` [ RunTime:0.0004s ]
SQL: SELECT COUNT(*) AS tp_count FROM `an_live_good` WHERE `live_id` = '32f569108960e7854b19a0114fd5c6eb' LIMIT 1   [ RunTime:0.0002s ]
SQL: UPDATE `an_live` SET `read_count`='4',`good_count`='1' WHERE `live_id` = '32f569108960e7854b19a0114fd5c6eb' [ RunTime:0.0002s ]
SQL: SHOW COLUMNS FROM `an_comment` [ RunTime:0.0005s ]
SQL: SELECT t1.*,t2.*,t1.add_time as live_add_time FROM an_comment AS t1,an_user AS t2 WHERE ( t1.user_id = t2.user_id AND live_id="32f569108960e7854b19a0114fd5c6eb" ) ORDER BY t1.add_time desc  [ RunTime:0.0004s ]
SQL: SHOW COLUMNS FROM `an_comment` [ RunTime:0.0004s ]
SQL: SELECT COUNT(*) AS tp_count FROM `an_comment` WHERE `live_id` = '32f569108960e7854b19a0114fd5c6eb' LIMIT 1   [ RunTime:0.0002s ]
INFO: [ view_parse ] --START--
INFO: [ template_filter ] --START--
INFO: Run Behavior\ContentReplaceBehavior [ RunTime:0.000382s ]
INFO: [ template_filter ] --END-- [ RunTime:0.000422s ]
INFO: Run Behavior\ParseTemplateBehavior [ RunTime:0.014270s ]
INFO: [ view_parse ] --END-- [ RunTime:0.014312s ]
INFO: [ view_filter ] --START--
INFO: Run Behavior\WriteHtmlCacheBehavior [ RunTime:0.000322s ]
INFO: [ view_filter ] --END-- [ RunTime:0.000348s ]
INFO: [ app_end ] --START--
INFO: Run Behavior\ShowPageTraceBehavior [ RunTime:0.000624s ]
INFO: [ app_end ] --END-- [ RunTime:0.000682s ]

[ 2017-11-26T00:07:46+08:00 ] 127.0.0.1 /Angsir/index.php/Home/Article/article/live_id/32f569108960e7854b19a0114fd5c6eb.html
INFO: [ app_init ] --START--
INFO: Run Behavior\BuildLiteBehavior [ RunTime:0.000010s ]
INFO: [ app_init ] --END-- [ RunTime:0.000265s ]
INFO: [ app_begin ] --START--
INFO: Run Behavior\ReadHtmlCacheBehavior [ RunTime:0.000406s ]
INFO: [ app_begin ] --END-- [ RunTime:0.000443s ]
SQL: SHOW COLUMNS FROM `an_live` [ RunTime:0.0012s ]
SQL: SELECT * FROM `an_live` WHERE `live_id` = '32f569108960e7854b19a0114fd5c6eb' LIMIT 1   [ RunTime:0.0006s ]
SQL: SHOW COLUMNS FROM `an_live_read` [ RunTime:0.0008s ]
SQL: SELECT COUNT(*) AS tp_count FROM `an_live_read` WHERE `live_id` = '32f569108960e7854b19a0114fd5c6eb' AND `user_id` = '1173197065@qq.com' LIMIT 1   [ RunTime:0.0004s ]
SQL: SELECT COUNT(*) AS tp_count FROM `an_live_read` WHERE `live_id` = '32f569108960e7854b19a0114fd5c6eb' LIMIT 1   [ RunTime:0.0003s ]
SQL: UPDATE `an_live` SET `read_count`='4' WHERE `live_id` = '32f569108960e7854b19a0114fd5c6eb' [ RunTime:0.0003s ]
SQL: SHOW COLUMNS FROM `an_user` [ RunTime:0.0007s ]
SQL: SELECT * FROM `an_user` WHERE `user_id` = '1173197065@qq.com' LIMIT 1   [ RunTime:0.0004s ]
SQL: SHOW COLUMNS FROM `an_live_good` [ RunTime:0.0006s ]
SQL: SELECT COUNT(*) AS tp_count FROM `an_live_good` WHERE `live_id` = '32f569108960e7854b19a0114fd5c6eb' LIMIT 1   [ RunTime:0.0003s ]
SQL: UPDATE `an_live` SET `read_count`='4',`good_count`='1' WHERE `live_id` = '32f569108960e7854b19a0114fd5c6eb' [ RunTime:0.0002s ]
SQL: SHOW COLUMNS FROM `an_comment` [ RunTime:0.0006s ]
SQL: SELECT t1.*,t2.*,t1.add_time as live_add_time FROM an_comment AS t1,an_user AS t2 WHERE ( t1.user_id = t2.user_id AND live_id="32f569108960e7854b19a0114fd5c6eb" ) ORDER BY t1.add_time desc  [ RunTime:0.0004s ]
SQL: SHOW COLUMNS FROM `an_comment` [ RunTime:0.0005s ]
SQL: SELECT COUNT(*) AS tp_count FROM `an_comment` WHERE `live_id` = '32f569108960e7854b19a0114fd5c6eb' LIMIT 1   [ RunTime:0.0002s ]
INFO: [ view_parse ] --START--
INFO: [ template_filter ] --START--
INFO: Run Behavior\ContentReplaceBehavior [ RunTime:0.000645s ]
INFO: [ template_filter ] --END-- [ RunTime:0.000748s ]
INFO: Run Behavior\ParseTemplateBehavior [ RunTime:0.035990s ]
INFO: [ view_parse ] --END-- [ RunTime:0.036051s ]
INFO: [ view_filter ] --START--
INFO: Run Behavior\WriteHtmlCacheBehavior [ RunTime:0.000606s ]
INFO: [ view_filter ] --END-- [ RunTime:0.000666s ]
INFO: [ app_end ] --START--
INFO: Run Behavior\ShowPageTraceBehavior [ RunTime:0.000924s ]
INFO: [ app_end ] --END-- [ RunTime:0.001014s ]

[ 2017-11-26T00:07:46+08:00 ] 127.0.0.1 /Angsir/index.php/Home/Center/common/widgets/common/msgPopup.js
INFO: [ app_init ] --START--
INFO: Run Behavior\BuildLiteBehavior [ RunTime:0.000015s ]
INFO: [ app_init ] --END-- [ RunTime:0.000459s ]
INFO: [ app_begin ] --START--
INFO: Run Behavior\ReadHtmlCacheBehavior [ RunTime:0.000693s ]
INFO: [ app_begin ] --END-- [ RunTime:0.000767s ]
ERR: 非法操作:common

[ 2017-11-26T00:08:23+08:00 ] 127.0.0.1 /Angsir/index.php/Home/Center/my.html
INFO: [ app_init ] --START--
INFO: Run Behavior\BuildLiteBehavior [ RunTime:0.000020s ]
INFO: [ app_init ] --END-- [ RunTime:0.000272s ]
INFO: [ app_begin ] --START--
INFO: Run Behavior\ReadHtmlCacheBehavior [ RunTime:0.000382s ]
INFO: [ app_begin ] --END-- [ RunTime:0.000412s ]
SQL: SHOW COLUMNS FROM `an_live` [ RunTime:0.0007s ]
SQL: SELECT * FROM `an_live` WHERE `user_id` = '1173197065@qq.com'  [ RunTime:0.0004s ]
INFO: [ view_parse ] --START--
INFO: [ template_filter ] --START--
INFO: Run Behavior\ContentReplaceBehavior [ RunTime:0.000232s ]
INFO: [ template_filter ] --END-- [ RunTime:0.000279s ]
INFO: Run Behavior\ParseTemplateBehavior [ RunTime:0.011056s ]
INFO: [ view_parse ] --END-- [ RunTime:0.011104s ]
INFO: [ view_filter ] --START--
INFO: Run Behavior\WriteHtmlCacheBehavior [ RunTime:0.000393s ]
INFO: [ view_filter ] --END-- [ RunTime:0.000423s ]
INFO: [ app_end ] --START--
INFO: Run Behavior\ShowPageTraceBehavior [ RunTime:0.000500s ]
INFO: [ app_end ] --END-- [ RunTime:0.000547s ]

[ 2017-11-26T00:08:24+08:00 ] 127.0.0.1 /Angsir/index.php/Home/Center/common/widgets/common/msgPopup.js
INFO: [ app_init ] --START--
INFO: Run Behavior\BuildLiteBehavior [ RunTime:0.000019s ]
INFO: [ app_init ] --END-- [ RunTime:0.000463s ]
INFO: [ app_begin ] --START--
INFO: Run Behavior\ReadHtmlCacheBehavior [ RunTime:0.000820s ]
INFO: [ app_begin ] --END-- [ RunTime:0.000898s ]
ERR: 非法操作:common

[ 2017-11-26T00:08:26+08:00 ] 127.0.0.1 /Angsir/index.php/Home/Article/del
INFO: [ app_init ] --START--
INFO: Run Behavior\BuildLiteBehavior [ RunTime:0.000011s ]
INFO: [ app_init ] --END-- [ RunTime:0.000297s ]
INFO: [ app_begin ] --START--
INFO: Run Behavior\ReadHtmlCacheBehavior [ RunTime:0.000524s ]
INFO: [ app_begin ] --END-- [ RunTime:0.000560s ]
SQL: SHOW COLUMNS FROM `an_live` [ RunTime:0.0008s ]
SQL: DELETE FROM `an_live` WHERE `live_id` = 'be924f799fcd29a2490fe425146281d9' AND `user_id` = '1173197065@qq.com' [ RunTime:0.0003s ]
SQL: SHOW COLUMNS FROM `an_comment` [ RunTime:0.0004s ]
SQL: DELETE FROM `an_comment` WHERE `live_id` = 'be924f799fcd29a2490fe425146281d9' AND `user_id` = '1173197065@qq.com' [ RunTime:0.0002s ]
INFO: [ app_end ] --START--
INFO: Run Behavior\ShowPageTraceBehavior [ RunTime:0.000882s ]
INFO: [ app_end ] --END-- [ RunTime:0.000923s ]

[ 2017-11-26T00:08:27+08:00 ] 127.0.0.1 /Angsir/index.php/Home/Center/my.html
INFO: [ app_init ] --START--
INFO: Run Behavior\BuildLiteBehavior [ RunTime:0.000010s ]
INFO: [ app_init ] --END-- [ RunTime:0.000371s ]
INFO: [ app_begin ] --START--
INFO: Run Behavior\ReadHtmlCacheBehavior [ RunTime:0.000480s ]
INFO: [ app_begin ] --END-- [ RunTime:0.000514s ]
SQL: SHOW COLUMNS FROM `an_live` [ RunTime:0.0007s ]
SQL: SELECT * FROM `an_live` WHERE `user_id` = '1173197065@qq.com'  [ RunTime:0.0004s ]
INFO: [ view_parse ] --START--
INFO: [ template_filter ] --START--
INFO: Run Behavior\ContentReplaceBehavior [ RunTime:0.000247s ]
INFO: [ template_filter ] --END-- [ RunTime:0.000292s ]
INFO: Run Behavior\ParseTemplateBehavior [ RunTime:0.009600s ]
INFO: [ view_parse ] --END-- [ RunTime:0.009663s ]
INFO: [ view_filter ] --START--
INFO: Run Behavior\WriteHtmlCacheBehavior [ RunTime:0.000630s ]
INFO: [ view_filter ] --END-- [ RunTime:0.000678s ]
INFO: [ app_end ] --START--
INFO: Run Behavior\ShowPageTraceBehavior [ RunTime:0.000912s ]
INFO: [ app_end ] --END-- [ RunTime:0.000985s ]

[ 2017-11-26T00:08:27+08:00 ] 127.0.0.1 /Angsir/index.php/Home/Center/common/widgets/common/msgPopup.js
INFO: [ app_init ] --START--
INFO: Run Behavior\BuildLiteBehavior [ RunTime:0.000017s ]
INFO: [ app_init ] --END-- [ RunTime:0.000476s ]
INFO: [ app_begin ] --START--
INFO: Run Behavior\ReadHtmlCacheBehavior [ RunTime:0.001067s ]
INFO: [ app_begin ] --END-- [ RunTime:0.001154s ]
ERR: 非法操作:common

[ 2017-11-26T00:08:27+08:00 ] 127.0.0.1 /Angsir/index.php/Home/Center/my.html
INFO: [ app_init ] --START--
INFO: Run Behavior\BuildLiteBehavior [ RunTime:0.000009s ]
INFO: [ app_init ] --END-- [ RunTime:0.000275s ]
INFO: [ app_begin ] --START--
INFO: Run Behavior\ReadHtmlCacheBehavior [ RunTime:0.000480s ]
INFO: [ app_begin ] --END-- [ RunTime:0.000510s ]
SQL: SHOW COLUMNS FROM `an_live` [ RunTime:0.0009s ]
SQL: SELECT * FROM `an_live` WHERE `user_id` = '1173197065@qq.com'  [ RunTime:0.0005s ]
INFO: [ view_parse ] --START--
INFO: [ template_filter ] --START--
INFO: Run Behavior\ContentReplaceBehavior [ RunTime:0.000227s ]
INFO: [ template_filter ] --END-- [ RunTime:0.000265s ]
INFO: Run Behavior\ParseTemplateBehavior [ RunTime:0.041276s ]
INFO: [ view_parse ] --END-- [ RunTime:0.041333s ]
INFO: [ view_filter ] --START--
INFO: Run Behavior\WriteHtmlCacheBehavior [ RunTime:0.000359s ]
INFO: [ view_filter ] --END-- [ RunTime:0.000385s ]
INFO: [ app_end ] --START--
INFO: Run Behavior\ShowPageTraceBehavior [ RunTime:0.000625s ]
INFO: [ app_end ] --END-- [ RunTime:0.000679s ]

[ 2017-11-26T00:08:28+08:00 ] 127.0.0.1 /Angsir/index.php/Home/Center/common/widgets/common/msgPopup.js
INFO: [ app_init ] --START--
INFO: Run Behavior\BuildLiteBehavior [ RunTime:0.000021s ]
INFO: [ app_init ] --END-- [ RunTime:0.001093s ]
INFO: [ app_begin ] --START--
INFO: Run Behavior\ReadHtmlCacheBehavior [ RunTime:0.000750s ]
INFO: [ app_begin ] --END-- [ RunTime:0.000834s ]
ERR: 非法操作:common

[ 2017-11-26T00:09:48+08:00 ] 127.0.0.1 /Angsir/index.php/Home/Article/article/live_id/657ba3f7958816e330b6ffccc632698c
INFO: [ app_init ] --START--
INFO: Run Behavior\BuildLiteBehavior [ RunTime:0.000010s ]
INFO: [ app_init ] --END-- [ RunTime:0.000265s ]
INFO: [ app_begin ] --START--
INFO: Run Behavior\ReadHtmlCacheBehavior [ RunTime:0.000384s ]
INFO: [ app_begin ] --END-- [ RunTime:0.000421s ]
SQL: SHOW COLUMNS FROM `an_live` [ RunTime:0.0008s ]
SQL: SELECT * FROM `an_live` WHERE `live_id` = '657ba3f7958816e330b6ffccc632698c' LIMIT 1   [ RunTime:0.0005s ]
INFO: [ view_parse ] --START--
INFO: [ template_filter ] --START--
INFO: Run Behavior\ContentReplaceBehavior [ RunTime:0.000041s ]
INFO: [ template_filter ] --END-- [ RunTime:0.000089s ]
INFO: Run Behavior\ParseTemplateBehavior [ RunTime:0.103564s ]
INFO: [ view_parse ] --END-- [ RunTime:0.103633s ]
INFO: [ view_filter ] --START--
INFO: Run Behavior\WriteHtmlCacheBehavior [ RunTime:0.000290s ]
INFO: [ view_filter ] --END-- [ RunTime:0.000318s ]

[ 2017-11-26T00:09:51+08:00 ] 127.0.0.1 /Angsir/index.php/Home/Center/common/widgets/common/msgPopup.js
INFO: [ app_init ] --START--
INFO: Run Behavior\BuildLiteBehavior [ RunTime:0.000017s ]
INFO: [ app_init ] --END-- [ RunTime:0.000510s ]
INFO: [ app_begin ] --START--
INFO: Run Behavior\ReadHtmlCacheBehavior [ RunTime:0.000861s ]
INFO: [ app_begin ] --END-- [ RunTime:0.000934s ]
ERR: 非法操作:common

[ 2017-11-26T00:09:53+08:00 ] 127.0.0.1 /Angsir/index.php/Home/Center/common/widgets/common/msgPopup.js
INFO: [ app_init ] --START--
INFO: Run Behavior\BuildLiteBehavior [ RunTime:0.000012s ]
INFO: [ app_init ] --END-- [ RunTime:0.000336s ]
INFO: [ app_begin ] --START--
INFO: Run Behavior\ReadHtmlCacheBehavior [ RunTime:0.000581s ]
INFO: [ app_begin ] --END-- [ RunTime:0.000644s ]
ERR: 非法操作:common

[ 2017-11-26T00:09:54+08:00 ] 127.0.0.1 /Angsir/index.php/Home/Center/common/widgets/common/msgPopup.js
INFO: [ app_init ] --START--
INFO: Run Behavior\BuildLiteBehavior [ RunTime:0.000017s ]
INFO: [ app_init ] --END-- [ RunTime:0.000406s ]
INFO: [ app_begin ] --START--
INFO: Run Behavior\ReadHtmlCacheBehavior [ RunTime:0.000715s ]
INFO: [ app_begin ] --END-- [ RunTime:0.000805s ]
ERR: 非法操作:common

[ 2017-11-26T00:09:56+08:00 ] 127.0.0.1 /Angsir/index.php/Home/Article/article/live_id/657ba3f7958816e330b6ffccc632698c
INFO: [ app_init ] --START--
INFO: Run Behavior\BuildLiteBehavior [ RunTime:0.000009s ]
INFO: [ app_init ] --END-- [ RunTime:0.000238s ]
INFO: [ app_begin ] --START--
INFO: Run Behavior\ReadHtmlCacheBehavior [ RunTime:0.000372s ]
INFO: [ app_begin ] --END-- [ RunTime:0.000413s ]
SQL: SHOW COLUMNS FROM `an_live` [ RunTime:0.0007s ]
SQL: SELECT * FROM `an_live` WHERE `live_id` = '657ba3f7958816e330b6ffccc632698c' LIMIT 1   [ RunTime:0.0004s ]
INFO: [ view_parse ] --START--
INFO: [ template_filter ] --START--
INFO: Run Behavior\ContentReplaceBehavior [ RunTime:0.000042s ]
INFO: [ template_filter ] --END-- [ RunTime:0.000096s ]
INFO: Run Behavior\ParseTemplateBehavior [ RunTime:0.023167s ]
INFO: [ view_parse ] --END-- [ RunTime:0.023246s ]
INFO: [ view_filter ] --START--
INFO: Run Behavior\WriteHtmlCacheBehavior [ RunTime:0.000411s ]
INFO: [ view_filter ] --END-- [ RunTime:0.000453s ]

[ 2017-11-26T00:09:59+08:00 ] 127.0.0.1 /Angsir/index.php/Home/Center/common/widgets/common/msgPopup.js
INFO: [ app_init ] --START--
INFO: Run Behavior\BuildLiteBehavior [ RunTime:0.000016s ]
INFO: [ app_init ] --END-- [ RunTime:0.000380s ]
INFO: [ app_begin ] --START--
INFO: Run Behavior\ReadHtmlCacheBehavior [ RunTime:0.000501s ]
INFO: [ app_begin ] --END-- [ RunTime:0.000560s ]
ERR: 非法操作:common

[ 2017-11-26T00:13:16+08:00 ] 127.0.0.1 /Angsir/index.php/Home/Center/my.html
INFO: [ app_init ] --START--
INFO: Run Behavior\BuildLiteBehavior [ RunTime:0.000055s ]
INFO: [ app_init ] --END-- [ RunTime:0.001037s ]
INFO: [ app_begin ] --START--
INFO: Run Behavior\ReadHtmlCacheBehavior [ RunTime:0.000634s ]
INFO: [ app_begin ] --END-- [ RunTime:0.000686s ]
SQL: SHOW COLUMNS FROM `an_live` [ RunTime:0.0011s ]
SQL: SELECT * FROM `an_live` WHERE `user_id` = '1173197065@qq.com'  [ RunTime:0.0010s ]
INFO: [ view_parse ] --START--
INFO: [ template_filter ] --START--
INFO: Run Behavior\ContentReplaceBehavior [ RunTime:0.000478s ]
INFO: [ template_filter ] --END-- [ RunTime:0.000543s ]
INFO: Run Behavior\ParseTemplateBehavior [ RunTime:0.014528s ]
INFO: [ view_parse ] --END-- [ RunTime:0.014653s ]
INFO: [ view_filter ] --START--
INFO: Run Behavior\WriteHtmlCacheBehavior [ RunTime:0.001467s ]
INFO: [ view_filter ] --END-- [ RunTime:0.001543s ]
INFO: [ app_end ] --START--
INFO: Run Behavior\ShowPageTraceBehavior [ RunTime:0.000859s ]
INFO: [ app_end ] --END-- [ RunTime:0.000945s ]

[ 2017-11-26T00:13:17+08:00 ] 127.0.0.1 /Angsir/index.php/Home/Center/common/widgets/common/msgPopup.js
INFO: [ app_init ] --START--
INFO: Run Behavior\BuildLiteBehavior [ RunTime:0.000019s ]
INFO: [ app_init ] --END-- [ RunTime:0.000494s ]
INFO: [ app_begin ] --START--
INFO: Run Behavior\ReadHtmlCacheBehavior [ RunTime:0.000797s ]
INFO: [ app_begin ] --END-- [ RunTime:0.000867s ]
ERR: 非法操作:common

[ 2017-11-26T00:13:20+08:00 ] 127.0.0.1 /Angsir/index.php/Home/Article/article/live_id/657ba3f7958816e330b6ffccc632698c
INFO: [ app_init ] --START--
INFO: Run Behavior\BuildLiteBehavior [ RunTime:0.000009s ]
INFO: [ app_init ] --END-- [ RunTime:0.000235s ]
INFO: [ app_begin ] --START--
INFO: Run Behavior\ReadHtmlCacheBehavior [ RunTime:0.000469s ]
INFO: [ app_begin ] --END-- [ RunTime:0.000513s ]
SQL: SHOW COLUMNS FROM `an_live` [ RunTime:0.0007s ]
SQL: SELECT * FROM `an_live` WHERE `live_id` = '657ba3f7958816e330b6ffccc632698c' LIMIT 1   [ RunTime:0.0004s ]
INFO: [ view_parse ] --START--
INFO: [ template_filter ] --START--
INFO: Run Behavior\ContentReplaceBehavior [ RunTime:0.000149s ]
INFO: [ template_filter ] --END-- [ RunTime:0.000187s ]
INFO: Run Behavior\ParseTemplateBehavior [ RunTime:0.026856s ]
INFO: [ view_parse ] --END-- [ RunTime:0.026905s ]
INFO: [ view_filter ] --START--
INFO: Run Behavior\WriteHtmlCacheBehavior [ RunTime:0.000332s ]
INFO: [ view_filter ] --END-- [ RunTime:0.000359s ]
INFO: [ app_end ] --START--
INFO: Run Behavior\ShowPageTraceBehavior [ RunTime:0.000622s ]
INFO: [ app_end ] --END-- [ RunTime:0.000676s ]

[ 2017-11-26T00:13:26+08:00 ] 127.0.0.1 /Angsir/index.php/Home/Center/common/widgets/common/msgPopup.js
INFO: [ app_init ] --START--
INFO: Run Behavior\BuildLiteBehavior [ RunTime:0.000018s ]
INFO: [ app_init ] --END-- [ RunTime:0.000447s ]
INFO: [ app_begin ] --START--
INFO: Run Behavior\ReadHtmlCacheBehavior [ RunTime:0.000571s ]
INFO: [ app_begin ] --END-- [ RunTime:0.000631s ]
ERR: 非法操作:common

[ 2017-11-26T00:15:44+08:00 ] 127.0.0.1 /Angsir/index.php/Home/Article/article/live_id/657ba3f7958816e330b6ffccc632698c
INFO: [ app_init ] --START--
INFO: Run Behavior\BuildLiteBehavior [ RunTime:0.000010s ]
INFO: [ app_init ] --END-- [ RunTime:0.000283s ]
INFO: [ app_begin ] --START--
INFO: Run Behavior\ReadHtmlCacheBehavior [ RunTime:0.000382s ]
INFO: [ app_begin ] --END-- [ RunTime:0.000414s ]
SQL: SHOW COLUMNS FROM `an_live` [ RunTime:0.0007s ]
SQL: SELECT * FROM `an_live` WHERE `live_id` = '657ba3f7958816e330b6ffccc632698c' LIMIT 1   [ RunTime:0.0004s ]

[ 2017-11-26T00:15:53+08:00 ] 127.0.0.1 /Angsir/index.php/Home/Article/article/live_id/657ba3f7958816e330b6ffccc632698c
INFO: [ app_init ] --START--
INFO: Run Behavior\BuildLiteBehavior [ RunTime:0.000010s ]
INFO: [ app_init ] --END-- [ RunTime:0.000247s ]
INFO: [ app_begin ] --START--
INFO: Run Behavior\ReadHtmlCacheBehavior [ RunTime:0.000402s ]
INFO: [ app_begin ] --END-- [ RunTime:0.000436s ]
SQL: SHOW COLUMNS FROM `an_live` [ RunTime:0.0007s ]
SQL: SELECT * FROM `an_live` WHERE `live_id` = '657ba3f7958816e330b6ffccc632698c' LIMIT 1   [ RunTime:0.0003s ]

[ 2017-11-26T00:16:07+08:00 ] 127.0.0.1 /Angsir/index.php/Home/Article/article/live_id/657ba3f7958816e330b6ffccc632698c
INFO: [ app_init ] --START--
INFO: Run Behavior\BuildLiteBehavior [ RunTime:0.000012s ]
INFO: [ app_init ] --END-- [ RunTime:0.000291s ]
INFO: [ app_begin ] --START--
INFO: Run Behavior\ReadHtmlCacheBehavior [ RunTime:0.000888s ]
INFO: [ app_begin ] --END-- [ RunTime:0.000962s ]
SQL: SHOW COLUMNS FROM `an_live` [ RunTime:0.0007s ]
SQL: SELECT * FROM `an_live` WHERE `live_id` = '657ba3f7958816e330b6ffccc632698c' LIMIT 1   [ RunTime:0.0003s ]

[ 2017-11-26T00:16:59+08:00 ] 127.0.0.1 /Angsir/index.php/Home/Article/article/live_id/657ba3f7958816e330b6ffccc632698c
INFO: [ app_init ] --START--
INFO: Run Behavior\BuildLiteBehavior [ RunTime:0.000012s ]
INFO: [ app_init ] --END-- [ RunTime:0.000304s ]
INFO: [ app_begin ] --START--
INFO: Run Behavior\ReadHtmlCacheBehavior [ RunTime:0.000601s ]
INFO: [ app_begin ] --END-- [ RunTime:0.000649s ]
SQL: SHOW COLUMNS FROM `an_live` [ RunTime:0.0010s ]
SQL: SELECT * FROM `an_live` WHERE `live_id` = '657ba3f7958816e330b6ffccc632698c' LIMIT 1   [ RunTime:0.0004s ]

[ 2017-11-26T00:17:00+08:00 ] 127.0.0.1 /Angsir/index.php/Home/Article/article/live_id/657ba3f7958816e330b6ffccc632698c
INFO: [ app_init ] --START--
INFO: Run Behavior\BuildLiteBehavior [ RunTime:0.000014s ]
INFO: [ app_init ] --END-- [ RunTime:0.000436s ]
INFO: [ app_begin ] --START--
INFO: Run Behavior\ReadHtmlCacheBehavior [ RunTime:0.000809s ]
INFO: [ app_begin ] --END-- [ RunTime:0.000885s ]
SQL: SHOW COLUMNS FROM `an_live` [ RunTime:0.0010s ]
SQL: SELECT * FROM `an_live` WHERE `live_id` = '657ba3f7958816e330b6ffccc632698c' LIMIT 1   [ RunTime:0.0006s ]

[ 2017-11-26T00:17:16+08:00 ] 127.0.0.1 /Angsir/index.php/Home/Article/article/live_id/657ba3f7958816e330b6ffccc632698c
INFO: [ app_init ] --START--
INFO: Run Behavior\BuildLiteBehavior [ RunTime:0.000017s ]
INFO: [ app_init ] --END-- [ RunTime:0.000472s ]
INFO: [ app_begin ] --START--
INFO: Run Behavior\ReadHtmlCacheBehavior [ RunTime:0.000785s ]
INFO: [ app_begin ] --END-- [ RunTime:0.000843s ]
SQL: SHOW COLUMNS FROM `an_live` [ RunTime:0.0007s ]
SQL: SELECT * FROM `an_live` WHERE `live_id` = '657ba3f7958816e330b6ffccc632698c' LIMIT 1   [ RunTime:0.0003s ]

[ 2017-11-26T00:19:17+08:00 ] 127.0.0.1 /Angsir/index.php/Home/Article/article/live_id/657ba3f7958816e330b6ffccc632698c
INFO: [ app_init ] --START--
INFO: Run Behavior\BuildLiteBehavior [ RunTime:0.000009s ]
INFO: [ app_init ] --END-- [ RunTime:0.000307s ]
INFO: [ app_begin ] --START--
INFO: Run Behavior\ReadHtmlCacheBehavior [ RunTime:0.000473s ]
INFO: [ app_begin ] --END-- [ RunTime:0.000505s ]
SQL: SHOW COLUMNS FROM `an_live` [ RunTime:0.0007s ]
SQL: SELECT * FROM `an_live` WHERE `live_id` = '657ba3f7958816e330b6ffccc632698c' LIMIT 1   [ RunTime:0.0003s ]

[ 2017-11-26T00:19:17+08:00 ] 127.0.0.1 /Angsir/index.php/Home/Article/article/live_id/657ba3f7958816e330b6ffccc632698c
INFO: [ app_init ] --START--
INFO: Run Behavior\BuildLiteBehavior [ RunTime:0.000009s ]
INFO: [ app_init ] --END-- [ RunTime:0.000275s ]
INFO: [ app_begin ] --START--
INFO: Run Behavior\ReadHtmlCacheBehavior [ RunTime:0.000713s ]
INFO: [ app_begin ] --END-- [ RunTime:0.000817s ]
SQL: SHOW COLUMNS FROM `an_live` [ RunTime:0.0009s ]
SQL: SELECT * FROM `an_live` WHERE `live_id` = '657ba3f7958816e330b6ffccc632698c' LIMIT 1   [ RunTime:0.0004s ]

[ 2017-11-26T00:19:22+08:00 ] 127.0.0.1 /Angsir/index.php/Home/Article/article/live_id/657ba3f7958816e330b6ffccc632698c
INFO: [ app_init ] --START--
INFO: Run Behavior\BuildLiteBehavior [ RunTime:0.000014s ]
INFO: [ app_init ] --END-- [ RunTime:0.000409s ]
INFO: [ app_begin ] --START--
INFO: Run Behavior\ReadHtmlCacheBehavior [ RunTime:0.000663s ]
INFO: [ app_begin ] --END-- [ RunTime:0.000711s ]
SQL: SHOW COLUMNS FROM `an_live` [ RunTime:0.0006s ]
SQL: SELECT * FROM `an_live` WHERE `live_id` = '657ba3f7958816e330b6ffccc632698c' LIMIT 1   [ RunTime:0.0003s ]

[ 2017-11-26T00:19:23+08:00 ] 127.0.0.1 /Angsir/index.php/Home/Article/article/live_id/657ba3f7958816e330b6ffccc632698c
INFO: [ app_init ] --START--
INFO: Run Behavior\BuildLiteBehavior [ RunTime:0.000015s ]
INFO: [ app_init ] --END-- [ RunTime:0.000441s ]
INFO: [ app_begin ] --START--
INFO: Run Behavior\ReadHtmlCacheBehavior [ RunTime:0.000861s ]
INFO: [ app_begin ] --END-- [ RunTime:0.000996s ]
SQL: SHOW COLUMNS FROM `an_live` [ RunTime:0.0009s ]
SQL: SELECT * FROM `an_live` WHERE `live_id` = '657ba3f7958816e330b6ffccc632698c' LIMIT 1   [ RunTime:0.0004s ]

[ 2017-11-26T00:19:23+08:00 ] 127.0.0.1 /Angsir/index.php/Home/Article/article/live_id/657ba3f7958816e330b6ffccc632698c
INFO: [ app_init ] --START--
INFO: Run Behavior\BuildLiteBehavior [ RunTime:0.000011s ]
INFO: [ app_init ] --END-- [ RunTime:0.000305s ]
INFO: [ app_begin ] --START--
INFO: Run Behavior\ReadHtmlCacheBehavior [ RunTime:0.001138s ]
INFO: [ app_begin ] --END-- [ RunTime:0.001188s ]
SQL: SHOW COLUMNS FROM `an_live` [ RunTime:0.0007s ]
SQL: SELECT * FROM `an_live` WHERE `live_id` = '657ba3f7958816e330b6ffccc632698c' LIMIT 1   [ RunTime:0.0003s ]

[ 2017-11-26T00:19:23+08:00 ] 127.0.0.1 /Angsir/index.php/Home/Article/article/live_id/657ba3f7958816e330b6ffccc632698c
INFO: [ app_init ] --START--
INFO: Run Behavior\BuildLiteBehavior [ RunTime:0.000012s ]
INFO: [ app_init ] --END-- [ RunTime:0.000314s ]
INFO: [ app_begin ] --START--
INFO: Run Behavior\ReadHtmlCacheBehavior [ RunTime:0.000531s ]
INFO: [ app_begin ] --END-- [ RunTime:0.000571s ]
SQL: SHOW COLUMNS FROM `an_live` [ RunTime:0.0007s ]
SQL: SELECT * FROM `an_live` WHERE `live_id` = '657ba3f7958816e330b6ffccc632698c' LIMIT 1   [ RunTime:0.0003s ]

[ 2017-11-26T00:19:28+08:00 ] 127.0.0.1 /Angsir/index.php/Home/Article/article/live_id/657ba3f7958816e330b6ffccc632698c
INFO: [ app_init ] --START--
INFO: Run Behavior\BuildLiteBehavior [ RunTime:0.000015s ]
INFO: [ app_init ] --END-- [ RunTime:0.000394s ]
INFO: [ app_begin ] --START--
INFO: Run Behavior\ReadHtmlCacheBehavior [ RunTime:0.000864s ]
INFO: [ app_begin ] --END-- [ RunTime:0.000956s ]
SQL: SHOW COLUMNS FROM `an_live` [ RunTime:0.0007s ]
SQL: SELECT * FROM `an_live` WHERE `live_id` = '657ba3f7958816e330b6ffccc632698c' LIMIT 1   [ RunTime:0.0003s ]

[ 2017-11-26T00:19:28+08:00 ] 127.0.0.1 /Angsir/index.php/Home/Article/article/live_id/657ba3f7958816e330b6ffccc632698c
INFO: [ app_init ] --START--
INFO: Run Behavior\BuildLiteBehavior [ RunTime:0.000009s ]
INFO: [ app_init ] --END-- [ RunTime:0.000303s ]
INFO: [ app_begin ] --START--
INFO: Run Behavior\ReadHtmlCacheBehavior [ RunTime:0.000639s ]
INFO: [ app_begin ] --END-- [ RunTime:0.000686s ]
SQL: SHOW COLUMNS FROM `an_live` [ RunTime:0.0008s ]
SQL: SELECT * FROM `an_live` WHERE `live_id` = '657ba3f7958816e330b6ffccc632698c' LIMIT 1   [ RunTime:0.0003s ]

[ 2017-11-26T00:19:47+08:00 ] 127.0.0.1 /Angsir/index.php/Home/Article/article/live_id/657ba3f7958816e330b6ffccc632698c
INFO: [ app_init ] --START--
INFO: Run Behavior\BuildLiteBehavior [ RunTime:0.000011s ]
INFO: [ app_init ] --END-- [ RunTime:0.000300s ]
INFO: [ app_begin ] --START--
INFO: Run Behavior\ReadHtmlCacheBehavior [ RunTime:0.000617s ]
INFO: [ app_begin ] --END-- [ RunTime:0.000671s ]
SQL: SHOW COLUMNS FROM `an_live` [ RunTime:0.0007s ]
SQL: SELECT * FROM `an_live` WHERE `live_id` = '657ba3f7958816e330b6ffccc632698c' LIMIT 1   [ RunTime:0.0003s ]
ERR: Think\Controller:assign方法不存在！

[ 2017-11-26T00:20:00+08:00 ] 127.0.0.1 /Angsir/index.php/Home/Article/article/live_id/657ba3f7958816e330b6ffccc632698c
INFO: [ app_init ] --START--
INFO: Run Behavior\BuildLiteBehavior [ RunTime:0.000012s ]
INFO: [ app_init ] --END-- [ RunTime:0.000386s ]
INFO: [ app_begin ] --START--
INFO: Run Behavior\ReadHtmlCacheBehavior [ RunTime:0.000560s ]
INFO: [ app_begin ] --END-- [ RunTime:0.000611s ]
SQL: SHOW COLUMNS FROM `an_live` [ RunTime:0.0007s ]
SQL: SELECT * FROM `an_live` WHERE `live_id` = '657ba3f7958816e330b6ffccc632698c' LIMIT 1   [ RunTime:0.0004s ]

[ 2017-11-26T00:20:01+08:00 ] 127.0.0.1 /Angsir/index.php/Home/Article/article/live_id/657ba3f7958816e330b6ffccc632698c
INFO: [ app_init ] --START--
INFO: Run Behavior\BuildLiteBehavior [ RunTime:0.000010s ]
INFO: [ app_init ] --END-- [ RunTime:0.000323s ]
INFO: [ app_begin ] --START--
INFO: Run Behavior\ReadHtmlCacheBehavior [ RunTime:0.000499s ]
INFO: [ app_begin ] --END-- [ RunTime:0.000535s ]
SQL: SHOW COLUMNS FROM `an_live` [ RunTime:0.0007s ]
SQL: SELECT * FROM `an_live` WHERE `live_id` = '657ba3f7958816e330b6ffccc632698c' LIMIT 1   [ RunTime:0.0003s ]

[ 2017-11-26T00:20:04+08:00 ] 127.0.0.1 /Angsir/index.php/Home/Article/article/live_id/657ba3f7958816e330b6ffccc632698c
INFO: [ app_init ] --START--
INFO: Run Behavior\BuildLiteBehavior [ RunTime:0.000010s ]
INFO: [ app_init ] --END-- [ RunTime:0.000320s ]
INFO: [ app_begin ] --START--
INFO: Run Behavior\ReadHtmlCacheBehavior [ RunTime:0.000524s ]
INFO: [ app_begin ] --END-- [ RunTime:0.000564s ]
SQL: SHOW COLUMNS FROM `an_live` [ RunTime:0.0009s ]
SQL: SELECT * FROM `an_live` WHERE `live_id` = '657ba3f7958816e330b6ffccc632698c' LIMIT 1   [ RunTime:0.0006s ]
ERR: Think\Controller:assign方法不存在！

[ 2017-11-26T00:20:19+08:00 ] 127.0.0.1 /Angsir/index.php/Home/Article/article/live_id/657ba3f7958816e330b6ffccc632698c
INFO: [ app_init ] --START--
INFO: Run Behavior\BuildLiteBehavior [ RunTime:0.000016s ]
INFO: [ app_init ] --END-- [ RunTime:0.000369s ]
INFO: [ app_begin ] --START--
INFO: Run Behavior\ReadHtmlCacheBehavior [ RunTime:0.000612s ]
INFO: [ app_begin ] --END-- [ RunTime:0.000675s ]
SQL: SHOW COLUMNS FROM `an_live` [ RunTime:0.0007s ]
SQL: SELECT * FROM `an_live` WHERE `live_id` = '657ba3f7958816e330b6ffccc632698c' LIMIT 1   [ RunTime:0.0004s ]
ERR: Think\Controller:assign方法不存在！

[ 2017-11-26T00:20:19+08:00 ] 127.0.0.1 /Angsir/index.php/Home/Article/article/live_id/657ba3f7958816e330b6ffccc632698c
INFO: [ app_init ] --START--
INFO: Run Behavior\BuildLiteBehavior [ RunTime:0.000011s ]
INFO: [ app_init ] --END-- [ RunTime:0.000324s ]
INFO: [ app_begin ] --START--
INFO: Run Behavior\ReadHtmlCacheBehavior [ RunTime:0.000599s ]
INFO: [ app_begin ] --END-- [ RunTime:0.000643s ]
SQL: SHOW COLUMNS FROM `an_live` [ RunTime:0.0007s ]
SQL: SELECT * FROM `an_live` WHERE `live_id` = '657ba3f7958816e330b6ffccc632698c' LIMIT 1   [ RunTime:0.0003s ]
ERR: Think\Controller:assign方法不存在！

[ 2017-11-26T00:20:44+08:00 ] 127.0.0.1 /Angsir/index.php/Home/Article/article/live_id/657ba3f7958816e330b6ffccc632698c
INFO: [ app_init ] --START--
INFO: Run Behavior\BuildLiteBehavior [ RunTime:0.000016s ]
INFO: [ app_init ] --END-- [ RunTime:0.000420s ]
INFO: [ app_begin ] --START--
INFO: Run Behavior\ReadHtmlCacheBehavior [ RunTime:0.000757s ]
INFO: [ app_begin ] --END-- [ RunTime:0.000824s ]
SQL: SHOW COLUMNS FROM `an_live` [ RunTime:0.0008s ]
SQL: SELECT * FROM `an_live` WHERE `live_id` = '657ba3f7958816e330b6ffccc632698c' LIMIT 1   [ RunTime:0.0003s ]

[ 2017-11-26T00:20:59+08:00 ] 127.0.0.1 /Angsir/index.php/Home/Article/article/live_id/657ba3f7958816e330b6ffccc632698c
INFO: [ app_init ] --START--
INFO: Run Behavior\BuildLiteBehavior [ RunTime:0.000022s ]
INFO: [ app_init ] --END-- [ RunTime:0.001178s ]
INFO: [ app_begin ] --START--
INFO: Run Behavior\ReadHtmlCacheBehavior [ RunTime:0.001019s ]
INFO: [ app_begin ] --END-- [ RunTime:0.001126s ]
SQL: SHOW COLUMNS FROM `an_live` [ RunTime:0.0009s ]
SQL: SELECT * FROM `an_live` WHERE `live_id` = '657ba3f7958816e330b6ffccc632698c' LIMIT 1   [ RunTime:0.0008s ]
INFO: [ view_parse ] --START--
INFO: [ template_filter ] --START--
INFO: Run Behavior\ContentReplaceBehavior [ RunTime:0.000185s ]
INFO: [ template_filter ] --END-- [ RunTime:0.000236s ]
INFO: Run Behavior\ParseTemplateBehavior [ RunTime:0.009740s ]
INFO: [ view_parse ] --END-- [ RunTime:0.009797s ]
INFO: [ view_filter ] --START--
INFO: Run Behavior\WriteHtmlCacheBehavior [ RunTime:0.000559s ]
INFO: [ view_filter ] --END-- [ RunTime:0.000604s ]
INFO: [ app_end ] --START--
INFO: Run Behavior\ShowPageTraceBehavior [ RunTime:0.000864s ]
INFO: [ app_end ] --END-- [ RunTime:0.000932s ]

[ 2017-11-26T00:21:05+08:00 ] 127.0.0.1 /Angsir/index.php/Home/Center/common/widgets/common/msgPopup.js
INFO: [ app_init ] --START--
INFO: Run Behavior\BuildLiteBehavior [ RunTime:0.000022s ]
INFO: [ app_init ] --END-- [ RunTime:0.000551s ]
INFO: [ app_begin ] --START--
INFO: Run Behavior\ReadHtmlCacheBehavior [ RunTime:0.000786s ]
INFO: [ app_begin ] --END-- [ RunTime:0.000864s ]
ERR: 非法操作:common

[ 2017-11-26T00:22:31+08:00 ] 127.0.0.1 /Angsir/index.php/Home/Article/article/live_id/657ba3f7958816e330b6ffccc632698c
INFO: [ app_init ] --START--
INFO: Run Behavior\BuildLiteBehavior [ RunTime:0.000011s ]
INFO: [ app_init ] --END-- [ RunTime:0.000275s ]
INFO: [ app_begin ] --START--
INFO: Run Behavior\ReadHtmlCacheBehavior [ RunTime:0.000388s ]
INFO: [ app_begin ] --END-- [ RunTime:0.000421s ]
SQL: SHOW COLUMNS FROM `an_live` [ RunTime:0.0008s ]
SQL: SELECT * FROM `an_live` WHERE `live_id` = '657ba3f7958816e330b6ffccc632698c' LIMIT 1   [ RunTime:0.0003s ]
INFO: [ view_parse ] --START--
INFO: [ template_filter ] --START--
INFO: Run Behavior\ContentReplaceBehavior [ RunTime:0.000125s ]
INFO: [ template_filter ] --END-- [ RunTime:0.000165s ]
INFO: Run Behavior\ParseTemplateBehavior [ RunTime:0.007280s ]
INFO: [ view_parse ] --END-- [ RunTime:0.007336s ]
INFO: [ view_filter ] --START--
INFO: Run Behavior\WriteHtmlCacheBehavior [ RunTime:0.000421s ]
INFO: [ view_filter ] --END-- [ RunTime:0.000467s ]
INFO: [ app_end ] --START--
INFO: Run Behavior\ShowPageTraceBehavior [ RunTime:0.000673s ]
INFO: [ app_end ] --END-- [ RunTime:0.000742s ]

[ 2017-11-26T00:22:34+08:00 ] 127.0.0.1 /Angsir/index.php/Home/Center/common/widgets/common/msgPopup.js
INFO: [ app_init ] --START--
INFO: Run Behavior\BuildLiteBehavior [ RunTime:0.000020s ]
INFO: [ app_init ] --END-- [ RunTime:0.000493s ]
INFO: [ app_begin ] --START--
INFO: Run Behavior\ReadHtmlCacheBehavior [ RunTime:0.000648s ]
INFO: [ app_begin ] --END-- [ RunTime:0.000721s ]
ERR: 非法操作:common

[ 2017-11-26T00:22:41+08:00 ] 127.0.0.1 /Angsir/index.php/Home/Center/common/widgets/common/msgPopup.js
INFO: [ app_init ] --START--
INFO: Run Behavior\BuildLiteBehavior [ RunTime:0.000018s ]
INFO: [ app_init ] --END-- [ RunTime:0.000457s ]
INFO: [ app_begin ] --START--
INFO: Run Behavior\ReadHtmlCacheBehavior [ RunTime:0.000769s ]
INFO: [ app_begin ] --END-- [ RunTime:0.000846s ]
ERR: 非法操作:common

[ 2017-11-26T00:24:06+08:00 ] 127.0.0.1 /Angsir/index.php/Home/Article/article/live_id/657ba3f7958816e330b6ffccc632698c
INFO: [ app_init ] --START--
INFO: Run Behavior\BuildLiteBehavior [ RunTime:0.000018s ]
INFO: [ app_init ] --END-- [ RunTime:0.000371s ]
INFO: [ app_begin ] --START--
INFO: Run Behavior\ReadHtmlCacheBehavior [ RunTime:0.000817s ]
INFO: [ app_begin ] --END-- [ RunTime:0.000894s ]
SQL: SHOW COLUMNS FROM `an_live` [ RunTime:0.0008s ]
SQL: SELECT * FROM `an_live` WHERE `live_id` = '657ba3f7958816e330b6ffccc632698c' LIMIT 1   [ RunTime:0.0004s ]
INFO: [ view_parse ] --START--
INFO: [ template_filter ] --START--
INFO: Run Behavior\ContentReplaceBehavior [ RunTime:0.000131s ]
INFO: [ template_filter ] --END-- [ RunTime:0.000170s ]
INFO: Run Behavior\ParseTemplateBehavior [ RunTime:0.007884s ]
INFO: [ view_parse ] --END-- [ RunTime:0.007955s ]
INFO: [ view_filter ] --START--
INFO: Run Behavior\WriteHtmlCacheBehavior [ RunTime:0.000617s ]
INFO: [ view_filter ] --END-- [ RunTime:0.000681s ]
INFO: [ app_end ] --START--
INFO: Run Behavior\ShowPageTraceBehavior [ RunTime:0.000840s ]
INFO: [ app_end ] --END-- [ RunTime:0.000922s ]

