[ 2017-11-25T13:14:00+08:00 ] 127.0.0.1 /Angsir/
INFO: [ app_init ] --START--
INFO: Run Behavior\BuildLiteBehavior [ RunTime:0.000010s ]
INFO: [ app_init ] --END-- [ RunTime:0.000311s ]
INFO: [ app_begin ] --START--
INFO: Run Behavior\ReadHtmlCacheBehavior [ RunTime:0.000430s ]
INFO: [ app_begin ] --END-- [ RunTime:0.000463s ]
SQL: SHOW COLUMNS FROM `an_user` [ RunTime:0.0013s ]
SQL: SELECT * FROM `an_user` WHERE ( is_up = 1 )  [ RunTime:0.0003s ]
INFO: [ view_parse ] --START--
INFO: [ template_filter ] --START--
INFO: Run Behavior\ContentReplaceBehavior [ RunTime:0.000521s ]
INFO: [ template_filter ] --END-- [ RunTime:0.000640s ]
NOTIC: [8] Undefined variable: loginIsShow D:\database\Project\working\company\Angsir\App\Runtime\Cache\Home\00e52909bed743ea261af4b6823297ff.php 第 226 行.
NOTIC: [8] Undefined variable: Hot D:\database\Project\working\company\Angsir\App\Runtime\Cache\Home\00e52909bed743ea261af4b6823297ff.php 第 729 行.
NOTIC: [8] Use of undefined constant index - assumed 'index' D:\database\Project\working\company\Angsir\App\Runtime\Cache\Home\00e52909bed743ea261af4b6823297ff.php 第 763 行.
INFO: Run Behavior\ParseTemplateBehavior [ RunTime:0.014790s ]
INFO: [ view_parse ] --END-- [ RunTime:0.014833s ]
INFO: [ view_filter ] --START--
INFO: Run Behavior\WriteHtmlCacheBehavior [ RunTime:0.000316s ]
INFO: [ view_filter ] --END-- [ RunTime:0.000343s ]
INFO: [ app_end ] --START--
INFO: Run Behavior\ShowPageTraceBehavior [ RunTime:0.000654s ]
INFO: [ app_end ] --END-- [ RunTime:0.000730s ]

[ 2017-11-25T13:14:00+08:00 ] 127.0.0.1 /Angsir/index.php/Home/Query/getInit.html?type=read
INFO: [ app_init ] --START--
INFO: Run Behavior\BuildLiteBehavior [ RunTime:0.000011s ]
INFO: [ app_init ] --END-- [ RunTime:0.000285s ]
INFO: [ app_begin ] --START--
INFO: Run Behavior\ReadHtmlCacheBehavior [ RunTime:0.000903s ]
INFO: [ app_begin ] --END-- [ RunTime:0.001015s ]
SQL: SHOW COLUMNS FROM `an_live` [ RunTime:0.0008s ]
SQL: SELECT * FROM `an_live` ORDER BY read_count desc LIMIT 3   [ RunTime:0.0004s ]
INFO: [ app_end ] --START--
INFO: Run Behavior\ShowPageTraceBehavior [ RunTime:0.000570s ]
INFO: [ app_end ] --END-- [ RunTime:0.000616s ]

[ 2017-11-25T13:28:07+08:00 ] 127.0.0.1 /Angsir/index.php/Home/Query/getInit.html?type=read
INFO: [ app_init ] --START--
INFO: Run Behavior\BuildLiteBehavior [ RunTime:0.000011s ]
INFO: [ app_init ] --END-- [ RunTime:0.000331s ]
INFO: [ app_begin ] --START--
INFO: Run Behavior\ReadHtmlCacheBehavior [ RunTime:0.000428s ]
INFO: [ app_begin ] --END-- [ RunTime:0.000466s ]
SQL: SHOW COLUMNS FROM `an_live` [ RunTime:0.0015s ]
SQL: SELECT * FROM `an_live` ORDER BY read_count desc LIMIT 3   [ RunTime:0.0007s ]
INFO: [ app_end ] --START--
INFO: Run Behavior\ShowPageTraceBehavior [ RunTime:0.000786s ]
INFO: [ app_end ] --END-- [ RunTime:0.000849s ]

[ 2017-11-25T13:39:55+08:00 ] 127.0.0.1 /Angsir/
INFO: [ app_init ] --START--
INFO: Run Behavior\BuildLiteBehavior [ RunTime:0.000010s ]
INFO: [ app_init ] --END-- [ RunTime:0.000266s ]
INFO: [ app_begin ] --START--
INFO: Run Behavior\ReadHtmlCacheBehavior [ RunTime:0.000414s ]
INFO: [ app_begin ] --END-- [ RunTime:0.000448s ]
SQL: SHOW COLUMNS FROM `an_user` [ RunTime:0.0010s ]
SQL: SELECT * FROM `an_user` WHERE ( is_up = 1 )  [ RunTime:0.0003s ]
INFO: [ view_parse ] --START--
INFO: [ template_filter ] --START--
INFO: Run Behavior\ContentReplaceBehavior [ RunTime:0.000324s ]
INFO: [ template_filter ] --END-- [ RunTime:0.000363s ]
NOTIC: [8] Undefined variable: loginIsShow D:\database\Project\working\company\Angsir\App\Runtime\Cache\Home\00e52909bed743ea261af4b6823297ff.php 第 226 行.
NOTIC: [8] Undefined variable: Hot D:\database\Project\working\company\Angsir\App\Runtime\Cache\Home\00e52909bed743ea261af4b6823297ff.php 第 729 行.
NOTIC: [8] Use of undefined constant index - assumed 'index' D:\database\Project\working\company\Angsir\App\Runtime\Cache\Home\00e52909bed743ea261af4b6823297ff.php 第 763 行.
INFO: Run Behavior\ParseTemplateBehavior [ RunTime:0.013052s ]
INFO: [ view_parse ] --END-- [ RunTime:0.013107s ]
INFO: [ view_filter ] --START--
INFO: Run Behavior\WriteHtmlCacheBehavior [ RunTime:0.000342s ]
INFO: [ view_filter ] --END-- [ RunTime:0.000379s ]
INFO: [ app_end ] --START--
INFO: Run Behavior\ShowPageTraceBehavior [ RunTime:0.000759s ]
INFO: [ app_end ] --END-- [ RunTime:0.000834s ]

[ 2017-11-25T13:39:55+08:00 ] 127.0.0.1 /Angsir/index.php/Home/Query/getInit.html?type=read
INFO: [ app_init ] --START--
INFO: Run Behavior\BuildLiteBehavior [ RunTime:0.000011s ]
INFO: [ app_init ] --END-- [ RunTime:0.000279s ]
INFO: [ app_begin ] --START--
INFO: Run Behavior\ReadHtmlCacheBehavior [ RunTime:0.000421s ]
INFO: [ app_begin ] --END-- [ RunTime:0.000455s ]
SQL: SHOW COLUMNS FROM `an_live` [ RunTime:0.0018s ]
SQL: SELECT * FROM `an_live` ORDER BY read_count desc LIMIT 3   [ RunTime:0.0005s ]
INFO: [ app_end ] --START--
INFO: Run Behavior\ShowPageTraceBehavior [ RunTime:0.000557s ]
INFO: [ app_end ] --END-- [ RunTime:0.000599s ]

[ 2017-11-25T13:41:17+08:00 ] 127.0.0.1 /Angsir/
INFO: [ app_init ] --START--
INFO: Run Behavior\BuildLiteBehavior [ RunTime:0.000010s ]
INFO: [ app_init ] --END-- [ RunTime:0.000280s ]
INFO: [ app_begin ] --START--
INFO: Run Behavior\ReadHtmlCacheBehavior [ RunTime:0.000384s ]
INFO: [ app_begin ] --END-- [ RunTime:0.000417s ]
SQL: SHOW COLUMNS FROM `an_user` [ RunTime:0.0016s ]
SQL: SELECT * FROM `an_user` WHERE ( is_up = 1 )  [ RunTime:0.0006s ]
INFO: [ view_parse ] --START--
INFO: [ template_filter ] --START--
INFO: Run Behavior\ContentReplaceBehavior [ RunTime:0.000418s ]
INFO: [ template_filter ] --END-- [ RunTime:0.000459s ]
NOTIC: [8] Undefined variable: loginIsShow D:\database\Project\working\company\Angsir\App\Runtime\Cache\Home\00e52909bed743ea261af4b6823297ff.php 第 226 行.
NOTIC: [8] Undefined variable: Hot D:\database\Project\working\company\Angsir\App\Runtime\Cache\Home\00e52909bed743ea261af4b6823297ff.php 第 729 行.
NOTIC: [8] Use of undefined constant index - assumed 'index' D:\database\Project\working\company\Angsir\App\Runtime\Cache\Home\00e52909bed743ea261af4b6823297ff.php 第 763 行.
INFO: Run Behavior\ParseTemplateBehavior [ RunTime:0.013592s ]
INFO: [ view_parse ] --END-- [ RunTime:0.013668s ]
INFO: [ view_filter ] --START--
INFO: Run Behavior\WriteHtmlCacheBehavior [ RunTime:0.000419s ]
INFO: [ view_filter ] --END-- [ RunTime:0.000459s ]
INFO: [ app_end ] --START--
INFO: Run Behavior\ShowPageTraceBehavior [ RunTime:0.000647s ]
INFO: [ app_end ] --END-- [ RunTime:0.000710s ]

[ 2017-11-25T13:41:17+08:00 ] 127.0.0.1 /Angsir/index.php/Home/Query/getInit.html?type=read
INFO: [ app_init ] --START--
INFO: Run Behavior\BuildLiteBehavior [ RunTime:0.000024s ]
INFO: [ app_init ] --END-- [ RunTime:0.000516s ]
INFO: [ app_begin ] --START--
INFO: Run Behavior\ReadHtmlCacheBehavior [ RunTime:0.000736s ]
INFO: [ app_begin ] --END-- [ RunTime:0.000807s ]
SQL: SHOW COLUMNS FROM `an_live` [ RunTime:0.0012s ]
SQL: SELECT * FROM `an_live` ORDER BY read_count desc LIMIT 3   [ RunTime:0.0006s ]
INFO: [ app_end ] --START--
INFO: Run Behavior\ShowPageTraceBehavior [ RunTime:0.000767s ]
INFO: [ app_end ] --END-- [ RunTime:0.000836s ]

[ 2017-11-25T13:41:19+08:00 ] 127.0.0.1 /Angsir/
INFO: [ app_init ] --START--
INFO: Run Behavior\BuildLiteBehavior [ RunTime:0.000009s ]
INFO: [ app_init ] --END-- [ RunTime:0.000250s ]
INFO: [ app_begin ] --START--
INFO: Run Behavior\ReadHtmlCacheBehavior [ RunTime:0.000385s ]
INFO: [ app_begin ] --END-- [ RunTime:0.000417s ]
SQL: SHOW COLUMNS FROM `an_user` [ RunTime:0.0015s ]
SQL: SELECT * FROM `an_user` WHERE ( is_up = 1 )  [ RunTime:0.0004s ]
INFO: [ view_parse ] --START--
INFO: [ template_filter ] --START--
INFO: Run Behavior\ContentReplaceBehavior [ RunTime:0.000363s ]
INFO: [ template_filter ] --END-- [ RunTime:0.000407s ]
NOTIC: [8] Undefined variable: loginIsShow D:\database\Project\working\company\Angsir\App\Runtime\Cache\Home\00e52909bed743ea261af4b6823297ff.php 第 226 行.
NOTIC: [8] Undefined variable: Hot D:\database\Project\working\company\Angsir\App\Runtime\Cache\Home\00e52909bed743ea261af4b6823297ff.php 第 729 行.
NOTIC: [8] Use of undefined constant index - assumed 'index' D:\database\Project\working\company\Angsir\App\Runtime\Cache\Home\00e52909bed743ea261af4b6823297ff.php 第 763 行.
INFO: Run Behavior\ParseTemplateBehavior [ RunTime:0.013005s ]
INFO: [ view_parse ] --END-- [ RunTime:0.013058s ]
INFO: [ view_filter ] --START--
INFO: Run Behavior\WriteHtmlCacheBehavior [ RunTime:0.000501s ]
INFO: [ view_filter ] --END-- [ RunTime:0.000543s ]
INFO: [ app_end ] --START--
INFO: Run Behavior\ShowPageTraceBehavior [ RunTime:0.000731s ]
INFO: [ app_end ] --END-- [ RunTime:0.000805s ]

[ 2017-11-25T13:41:19+08:00 ] 127.0.0.1 /Angsir/index.php/Home/Query/getInit.html?type=read
INFO: [ app_init ] --START--
INFO: Run Behavior\BuildLiteBehavior [ RunTime:0.000016s ]
INFO: [ app_init ] --END-- [ RunTime:0.000360s ]
INFO: [ app_begin ] --START--
INFO: Run Behavior\ReadHtmlCacheBehavior [ RunTime:0.000764s ]
INFO: [ app_begin ] --END-- [ RunTime:0.000815s ]
SQL: SHOW COLUMNS FROM `an_live` [ RunTime:0.0011s ]
SQL: SELECT * FROM `an_live` ORDER BY read_count desc LIMIT 3   [ RunTime:0.0007s ]
INFO: [ app_end ] --START--
INFO: Run Behavior\ShowPageTraceBehavior [ RunTime:0.000775s ]
INFO: [ app_end ] --END-- [ RunTime:0.000836s ]

