[ 2017-11-16T12:51:06+08:00 ] 192.168.1.196 /index.php/index.php/Admin/Article/index.html.html
INFO: [ app_init ] --START--
INFO: Run Behavior\BuildLiteBehavior [ RunTime:0.000009s ]
INFO: [ app_init ] --END-- [ RunTime:0.000387s ]
ERR: 无法加载模块:Index.php

[ 2017-11-16T12:51:14+08:00 ] 192.168.1.196 /index.php/index.php/Admin/Article/index.html.html
INFO: [ app_init ] --START--
INFO: Run Behavior\BuildLiteBehavior [ RunTime:0.000011s ]
INFO: [ app_init ] --END-- [ RunTime:0.000325s ]
ERR: 无法加载模块:Index.php

[ 2017-11-16T12:51:23+08:00 ] 192.168.1.196 /index.php/index.php/Admin/Article/index.html.html
INFO: [ app_init ] --START--
INFO: Run Behavior\BuildLiteBehavior [ RunTime:0.000016s ]
INFO: [ app_init ] --END-- [ RunTime:0.000500s ]
ERR: 无法加载模块:Index.php

[ 2017-11-16T12:51:23+08:00 ] 192.168.1.196 /index.php/index.php/Admin/Article/index.html.html
INFO: [ app_init ] --START--
INFO: Run Behavior\BuildLiteBehavior [ RunTime:0.000010s ]
INFO: [ app_init ] --END-- [ RunTime:0.000416s ]
ERR: 无法加载模块:Index.php

[ 2017-11-16T12:51:24+08:00 ] 192.168.1.196 /index.php/index.php/Admin/Article/index.html.html
INFO: [ app_init ] --START--
INFO: Run Behavior\BuildLiteBehavior [ RunTime:0.000009s ]
INFO: [ app_init ] --END-- [ RunTime:0.000365s ]
ERR: 无法加载模块:Index.php

[ 2017-11-16T12:51:24+08:00 ] 192.168.1.196 /index.php/index.php/Admin/Article/index.html.html
INFO: [ app_init ] --START--
INFO: Run Behavior\BuildLiteBehavior [ RunTime:0.000009s ]
INFO: [ app_init ] --END-- [ RunTime:0.000369s ]
ERR: 无法加载模块:Index.php

[ 2017-11-16T12:51:24+08:00 ] 192.168.1.196 /index.php/index.php/Admin/Article/index.html.html
INFO: [ app_init ] --START--
INFO: Run Behavior\BuildLiteBehavior [ RunTime:0.000010s ]
INFO: [ app_init ] --END-- [ RunTime:0.000367s ]
ERR: 无法加载模块:Index.php

[ 2017-11-16T12:51:24+08:00 ] 192.168.1.196 /index.php/index.php/Admin/Article/index.html.html
INFO: [ app_init ] --START--
INFO: Run Behavior\BuildLiteBehavior [ RunTime:0.000010s ]
INFO: [ app_init ] --END-- [ RunTime:0.000387s ]
ERR: 无法加载模块:Index.php

[ 2017-11-16T12:51:24+08:00 ] 192.168.1.196 /index.php/index.php/Admin/Article/index.html.html
INFO: [ app_init ] --START--
INFO: Run Behavior\BuildLiteBehavior [ RunTime:0.000010s ]
INFO: [ app_init ] --END-- [ RunTime:0.000404s ]
ERR: 无法加载模块:Index.php

[ 2017-11-16T12:51:24+08:00 ] 192.168.1.196 /index.php/index.php/Admin/Article/index.html.html
INFO: [ app_init ] --START--
INFO: Run Behavior\BuildLiteBehavior [ RunTime:0.000011s ]
INFO: [ app_init ] --END-- [ RunTime:0.000388s ]
ERR: 无法加载模块:Index.php

[ 2017-11-16T12:51:24+08:00 ] 192.168.1.196 /index.php/index.php/Admin/Article/index.html.html
INFO: [ app_init ] --START--
INFO: Run Behavior\BuildLiteBehavior [ RunTime:0.000010s ]
INFO: [ app_init ] --END-- [ RunTime:0.000391s ]
ERR: 无法加载模块:Index.php

[ 2017-11-16T12:51:24+08:00 ] 192.168.1.196 /index.php/index.php/Admin/Article/index.html.html
INFO: [ app_init ] --START--
INFO: Run Behavior\BuildLiteBehavior [ RunTime:0.000010s ]
INFO: [ app_init ] --END-- [ RunTime:0.000385s ]
ERR: 无法加载模块:Index.php

[ 2017-11-16T12:51:25+08:00 ] 192.168.1.196 /index.php/index.php/Admin/Article/index.html.html
INFO: [ app_init ] --START--
INFO: Run Behavior\BuildLiteBehavior [ RunTime:0.000009s ]
INFO: [ app_init ] --END-- [ RunTime:0.000364s ]
ERR: 无法加载模块:Index.php

[ 2017-11-16T12:52:10+08:00 ] 192.168.1.196 /index.php/index.php/Admin/Article/index.html.html
INFO: [ app_init ] --START--
INFO: Run Behavior\BuildLiteBehavior [ RunTime:0.000011s ]
INFO: [ app_init ] --END-- [ RunTime:0.000296s ]
ERR: 无法加载模块:Index.php

[ 2017-11-16T12:52:12+08:00 ] 192.168.1.196 /index.php/index.php/Admin/Article/index.html.html
INFO: [ app_init ] --START--
INFO: Run Behavior\BuildLiteBehavior [ RunTime:0.000018s ]
INFO: [ app_init ] --END-- [ RunTime:0.000336s ]
ERR: 无法加载模块:Index.php

[ 2017-11-16T12:52:13+08:00 ] 192.168.1.196 /index.php/index.php/Admin/Article/index.html.html
INFO: [ app_init ] --START--
INFO: Run Behavior\BuildLiteBehavior [ RunTime:0.000016s ]
INFO: [ app_init ] --END-- [ RunTime:0.000390s ]
ERR: 无法加载模块:Index.php

[ 2017-11-16T14:04:39+08:00 ] 192.168.1.196 /index.php/index.php/Admin/Article/index.html.html
INFO: [ app_init ] --START--
INFO: Run Behavior\BuildLiteBehavior [ RunTime:0.000010s ]
INFO: [ app_init ] --END-- [ RunTime:0.000301s ]
ERR: 无法加载模块:Index.php

